Log started at 23.8.2024	16:47:33
Number of used processors (NPROC): 12.
Number of mesh partitions (NPART): 12.
Total Physical Memory = 31.79 Gb, Available Physical Memory = 12.11 Gb
Computer name:	LT-PJOYCE1
Operating system:	Windows 10 (or higher) (Version 10.0.19045)

SOLIDWORKS 2018 SP5.0
Flow Simulation 2018  x64 / 4373 / MESHER ver. efd_17_2.4218_16.04.2018 

Project: C:\Users\pjoyce\Documents\GitHub\Pulley-Z-axis\Simulations\3\3.xmlconfig

Mesh generation started:	23.8.2024	16:47:33
Current CPU = 0 sec
-----------------------------------------------------------------------
Geometries initialization:

Geometry database loading ...OK
-----------------------------------------------------------------------
Loading mesh settings (global/local)...
-----------------------------------------------------------------------
Number of geometries: 1
Geometry(0):
	Fluid..
	1 Body.
	1 Real body.
	Tolerance=8.42037e-06.
	91 Face(s).
		91 of b-spline type.
	9980 Triangle(s).
	0 Face(s) that have no ref faces
	38 Plane surface(s).
	44 Cylinder surface(s).
	2 Cone surface(s).
	7 B- surface(s).
	255 Edge(s).
		255 of b-spline type.
	Geometry reading: 0.011 s.
	91 Reference Face(s).
	9980 Reference Triangles.
	GeometryRef reading: 0.007 s.
Last Geometry:
	Solid.
	Making hash and connectivity for geometry 0...
		CBodyGeom:
		Hash size: {52, 49, 52}.
		Mesh size: {52, 49, 52}.
		Hashing triangles...Ok.
			axis(0) tr sizes: average=40 max=347
			axis(1) tr sizes: average=36 max=380
			axis(2) tr sizes: average=43 max=295
		Making triangles connectivity...Ok. (0.015 s).
		Neighbour triangles: 100.00 % (good connect) - 0.00 % (bad connect). Min: 3. Max: 3.
		Done.
		Number of t-connected sets:1
			(0) size=9980
		Done.
		CBodyGeomRef:
		Hashing triangles...Ok.
			axis(0) tr sizes: average=38 max=339
			axis(1) tr sizes: average=34 max=363
			axis(2) tr sizes: average=41 max=286
		Making triangles connectivity...Ok. (0.015 s).
		Neighbour triangles: Min: 1. Max: 3.
		Done.
		Done.
	0.043 s.
Geometries reading and preparing has taken 0.066 s.

Mapped triangles:
Hashing geometries triangles
	Triangles num=9980
	Triangles box={-0.03475  ,0.0146046  ,-0.01  ,0.0305  ,-0.0194965  ,0.0328  }
		3d-hash size is 639232 bytes
		Making triangles connectivity...Ok. (0.011 s).
		Neighbour triangles: 100.00 % (good connect) - 0.00 % (bad connect). Min: 3. Max: 3.
Hashing peculiar surfaces triangles
	Triangles num=2
	Triangles box={-0.03375  ,-0.01575  ,0.0105  ,0.0105  ,0.0185  ,0.0318  }
		3d-hash size is 530152 bytes
Mapped triangles processed in 0.048 s.
-----------------------------------------------------------------------
Getting sectors:
Number of sectors: 0
-----------------------------------------------------------------------
-----------------------------------------------------------------------

Current CPU = 0 sec

-----------------------------------------------------------------------
Mesh dimensions:
				I[0 ]=52
				I[1 ]=49
				I[2 ]=52

Comp. domain size:
				a[0  ]=-0.182181
				a[1  ]=0.160982
				a[2  ]=-0.157377
				a[3  ]=0.176877
				a[4  ]=-0.165877
				a[5  ]=0.180614

Fluid calculated			1
Solid calculated			0
-----------------------------------------------------------------------
MESH: distribute base bricks among sub-meshes...
	Base bricks count               132496
	Sub-meshes  count               12
	Base bricks count per sub-mesh  11041 (+4)
	Sub-mesh 0: 11041 base brick(s), range [0, 4]-[0, 48]-[0, 51]
	Sub-mesh 1: 11041 base brick(s), range [4, 8]-[0, 48]-[0, 51]
	Sub-mesh 2: 11041 base brick(s), range [8, 12]-[0, 48]-[0, 51]
	Sub-mesh 3: 11041 base brick(s), range [12, 17]-[0, 48]-[0, 51]
	Sub-mesh 4: 11041 base brick(s), range [17, 21]-[0, 48]-[0, 51]
	Sub-mesh 5: 11041 base brick(s), range [21, 25]-[0, 48]-[0, 51]
	Sub-mesh 6: 11041 base brick(s), range [25, 30]-[0, 48]-[0, 51]
	Sub-mesh 7: 11041 base brick(s), range [30, 34]-[0, 48]-[0, 51]
	Sub-mesh 8: 11041 base brick(s), range [34, 38]-[0, 48]-[0, 51]
	Sub-mesh 9: 11041 base brick(s), range [38, 43]-[0, 48]-[0, 51]
	Sub-mesh 10: 11041 base brick(s), range [43, 47]-[0, 48]-[0, 51]
	Sub-mesh 11: 11045 base brick(s), range [47, 51]-[0, 48]-[0, 51]
-----------------------------------------------------------------------
-----------------------------------------------------------------------
MESH: collecting ghosts in sub-meshes...
	Sub-mesh 0:
		Total  brick(s) 13589
		Native brick(s) 11041
		Inner  brick(s) 8493
		Outer  brick(s) 2548
		Ghost  brick(s) 2548
	Sub-mesh 1:
		Total  brick(s) 16137
		Native brick(s) 11041
		Inner  brick(s) 5945
		Outer  brick(s) 5096
		Ghost  brick(s) 5096
	Sub-mesh 2:
		Total  brick(s) 16137
		Native brick(s) 11041
		Inner  brick(s) 5945
		Outer  brick(s) 5096
		Ghost  brick(s) 5096
	Sub-mesh 3:
		Total  brick(s) 16137
		Native brick(s) 11041
		Inner  brick(s) 5945
		Outer  brick(s) 5096
		Ghost  brick(s) 5096
	Sub-mesh 4:
		Total  brick(s) 16137
		Native brick(s) 11041
		Inner  brick(s) 5945
		Outer  brick(s) 5096
		Ghost  brick(s) 5096
	Sub-mesh 5:
		Total  brick(s) 16137
		Native brick(s) 11041
		Inner  brick(s) 5945
		Outer  brick(s) 5096
		Ghost  brick(s) 5096
	Sub-mesh 6:
		Total  brick(s) 16137
		Native brick(s) 11041
		Inner  brick(s) 5945
		Outer  brick(s) 5096
		Ghost  brick(s) 5096
	Sub-mesh 7:
		Total  brick(s) 16137
		Native brick(s) 11041
		Inner  brick(s) 5945
		Outer  brick(s) 5096
		Ghost  brick(s) 5096
	Sub-mesh 8:
		Total  brick(s) 16137
		Native brick(s) 11041
		Inner  brick(s) 5945
		Outer  brick(s) 5096
		Ghost  brick(s) 5096
	Sub-mesh 9:
		Total  brick(s) 16137
		Native brick(s) 11041
		Inner  brick(s) 5945
		Outer  brick(s) 5096
		Ghost  brick(s) 5096
	Sub-mesh 10:
		Total  brick(s) 16137
		Native brick(s) 11041
		Inner  brick(s) 5945
		Outer  brick(s) 5096
		Ghost  brick(s) 5096
	Sub-mesh 11:
		Total  brick(s) 13593
		Native brick(s) 11045
		Inner  brick(s) 8497
		Outer  brick(s) 2548
		Ghost  brick(s) 2548
	Total brick(s) 132496
-----------------------------------------------------------------------
Setting regions...OK (0.032 s)
Base mesh info------------------
	2D flag  =0
	Period   =[0, 0, 0]
	Nx=52
		x[0]=-0.182181
		x[1]=-0.167305
		x[2]=-0.153635
		x[3]=-0.141071
		x[4]=-0.129523
		x[5]=-0.118908
		x[6]=-0.109152
		x[7]=-0.100184
		x[8]=-0.0919406
		x[9]=-0.084364
		x[10]=-0.0773999
		x[11]=-0.0709988
		x[12]=-0.0651151
		x[13]=-0.0597071
		x[14]=-0.0547363
		x[15]=-0.0501673
		x[16]=-0.0459677
		x[17]=-0.0421076
		x[18]=-0.0385595
		x[19]=-0.0352983
		x[20]=-0.0317696
		x[21]=-0.028241
		x[22]=-0.0247125
		x[23]=-0.0211839
		x[24]=-0.0176554
		x[25]=-0.0141268
		x[26]=-0.0105983
		x[27]=-0.00706969
		x[28]=-0.00354113
		x[29]=-1.25729e-05
		x[30]=0.00351599
		x[31]=0.00704455
		x[32]=0.0105731
		x[33]=0.0141017
		x[34]=0.0173627
		x[35]=0.0209108
		x[36]=0.0247709
		x[37]=0.0289706
		x[38]=0.0335397
		x[39]=0.0385106
		x[40]=0.0439187
		x[41]=0.0498026
		x[42]=0.0562039
		x[43]=0.0631683
		x[44]=0.0707453
		x[45]=0.0789887
		x[46]=0.0879571
		x[47]=0.0977144
		x[48]=0.10833
		x[49]=0.119879
		x[50]=0.132444
		x[51]=0.146114
		x[52]=0.160982
	Ny=49
		y[0]=-0.157377
		y[1]=-0.14235
		y[2]=-0.128554
		y[3]=-0.115884
		y[4]=-0.104249
		y[5]=-0.0935641
		y[6]=-0.0837514
		y[7]=-0.0747399
		y[8]=-0.0664642
		y[9]=-0.0588643
		y[10]=-0.0518849
		y[11]=-0.0454753
		y[12]=-0.0395891
		y[13]=-0.0341836
		y[14]=-0.0292194
		y[15]=-0.0246605
		y[16]=-0.0204739
		y[17]=-0.0166291
		y[18]=-0.0130982
		y[19]=-0.00985564
		y[20]=-0.00652654
		y[21]=-0.00319747
		y[22]=0.000131602
		y[23]=0.00346068
		y[24]=0.00678975
		y[25]=0.0101188
		y[26]=0.0134479
		y[27]=0.016777
		y[28]=0.020106
		y[29]=0.0234351
		y[30]=0.0267642
		y[31]=0.0300933
		y[32]=0.0335036
		y[33]=0.0372351
		y[34]=0.0413181
		y[35]=0.0457857
		y[36]=0.050674
		y[37]=0.0560228
		y[38]=0.0618753
		y[39]=0.068279
		y[40]=0.0752858
		y[41]=0.0829525
		y[42]=0.0913413
		y[43]=0.10052
		y[44]=0.110564
		y[45]=0.121553
		y[46]=0.133577
		y[47]=0.146734
		y[48]=0.16113
		y[49]=0.176877
	Nz=52
		z[0]=-0.165877
		z[1]=-0.150201
		z[2]=-0.135863
		z[3]=-0.122748
		z[4]=-0.11075
		z[5]=-0.0997738
		z[6]=-0.0897333
		z[7]=-0.0805484
		z[8]=-0.0721461
		z[9]=-0.0644597
		z[10]=-0.0574283
		z[11]=-0.0509961
		z[12]=-0.0451119
		z[13]=-0.0397291
		z[14]=-0.034805
		z[15]=-0.0303005
		z[16]=-0.0261798
		z[17]=-0.0224102
		z[18]=-0.0189618
		z[19]=-0.0156705
		z[20]=-0.0123792
		z[21]=-0.00908785
		z[22]=-0.0057965
		z[23]=-0.00250516
		z[24]=0.000786184
		z[25]=0.00407753
		z[26]=0.00736887
		z[27]=0.0106602
		z[28]=0.0139516
		z[29]=0.0172429
		z[30]=0.0205342
		z[31]=0.0238256
		z[32]=0.0271169
		z[33]=0.0304083
		z[34]=0.0336996
		z[35]=0.037148
		z[36]=0.0409176
		z[37]=0.0450383
		z[38]=0.0495429
		z[39]=0.0544671
		z[40]=0.05985
		z[41]=0.0657343
		z[42]=0.0721667
		z[43]=0.0791983
		z[44]=0.0868849
		z[45]=0.0952876
		z[46]=0.104473
		z[47]=0.114514
		z[48]=0.12549
		z[49]=0.137489
		z[50]=0.150605
		z[51]=0.164944
		z[52]=0.180614
End of base mesh info---------
Input_mesh_settings--------------------------------
Settings 0----------------
	Scope: GLOBAL
	Type:	------MESHER_SETTINGS----------
	RefAllCells           =0
	RefFluidCells         =0
	RefPartCells          =0
	RefSolidCells         =0
	l_SSFR(Capture crit)  =1
	l_curv(Curvature crit)=0
	l_tol(Tolerance crit) =1
	  k_tol               =0.003325
	UseChannelRef         =1
	  NCR_method          =0
	  l_NCR               =2
	  N_gap               =10
	  Use d_NCR_min       =0
	  Use d_NCR_max       =0
	IgnoreThinChannelsHeight         =0
	--END_OF_MESHER_SETTINGS-------
End of input mesh settings-------------------------

-----------------------------------------------------------------------
Building geometries:
Building geometry Fluid.0.(0)...

-----------------------------------------------------------------------
Refining by triangulation...
Refinement input: 132496 bricks
Setting regions...OK (0.060 s)
Setting regions...OK (0.048 s)
Refinement result: 133147 bricks (0.247 s)
Refinement input: 133147 bricks
Refinement result: 133147 bricks (0.018 s)
Collecting and processing rays...OK (0.151 s)
Capturing...OK (0.016 s)
Refining by triangulation takes 0.438 s
-----------------------------------------------------------------------

-----------------------------------------------------------------------
Refining peculiar surfaces...
0 surfaces refined
Refining peculiar surfaces takes 0.017 s
-----------------------------------------------------------------------
Collecting and processing rays...OK (0.007 s)
Capturing...OK (0.003 s)
Collecting and processing rays...OK (0.005 s)
Capturing...OK (0.003 s)
Collecting and processing rays...OK (0.006 s)
Capturing...OK (0.003 s)

-----------------------------------------------------------------------
Base mesh 1 Refining...
Refinement input: 133147 bricks
Refinement result: 133147 bricks (0.014 s)
Collecting and processing rays...OK (0.005 s)
Capturing...OK (0.003 s)
-----------------------------------------------------------------------
Refining channels...
FYI: CNarrowChannelRefiner::RefineChannels_PRLL: m_submesh_count=12
Refinement input: 133147 bricks
Setting regions...OK (0.020 s)
Refinement result: 138110 bricks (0.050 s)
Collecting and processing rays...OK (0.020 s)
Capturing...OK (0.004 s)
FYI: m_iteration_count = 0
FYI: level1 statistics:
     level1_cnt_plus[1]=5672;		level1_cnt_minus[1]=0
     level1_cnt_plus[2]=0;		level1_cnt_minus[2]=0
     level1_cnt_plus[3]=0;		level1_cnt_minus[3]=0
     level1_cnt_plus[4]=0;		level1_cnt_minus[4]=0
     level1_cnt_plus[5]=0;		level1_cnt_minus[5]=0
     level1_cnt_plus[6]=0;		level1_cnt_minus[6]=0
     level1_cnt_plus[7]=0;		level1_cnt_minus[7]=0
     level1_cnt_plus[8]=0;		level1_cnt_minus[8]=0
     level1_cnt_plus[9]=0;		level1_cnt_minus[9]=0
Refinement input: 138110 bricks
Setting regions...OK (0.024 s)
Refinement result: 138194 bricks (0.063 s)
Collecting and processing rays...OK (0.007 s)
Capturing...OK (0.004 s)
FYI: m_iteration_count = 1
FYI: level1 statistics:
     level1_cnt_plus[1]=5768;		level1_cnt_minus[1]=0
     level1_cnt_plus[2]=0;		level1_cnt_minus[2]=0
     level1_cnt_plus[3]=0;		level1_cnt_minus[3]=0
     level1_cnt_plus[4]=0;		level1_cnt_minus[4]=0
     level1_cnt_plus[5]=0;		level1_cnt_minus[5]=0
     level1_cnt_plus[6]=0;		level1_cnt_minus[6]=0
     level1_cnt_plus[7]=0;		level1_cnt_minus[7]=0
     level1_cnt_plus[8]=0;		level1_cnt_minus[8]=0
     level1_cnt_plus[9]=0;		level1_cnt_minus[9]=0
FYI: m_iteration_count = 2
FYI: level1 statistics:
     level1_cnt_plus[1]=5768;		level1_cnt_minus[1]=0
     level1_cnt_plus[2]=0;		level1_cnt_minus[2]=0
     level1_cnt_plus[3]=0;		level1_cnt_minus[3]=0
     level1_cnt_plus[4]=0;		level1_cnt_minus[4]=0
     level1_cnt_plus[5]=0;		level1_cnt_minus[5]=0
     level1_cnt_plus[6]=0;		level1_cnt_minus[6]=0
     level1_cnt_plus[7]=0;		level1_cnt_minus[7]=0
     level1_cnt_plus[8]=0;		level1_cnt_minus[8]=0
     level1_cnt_plus[9]=0;		level1_cnt_minus[9]=0
Refinement input: 138194 bricks
Setting regions...OK (0.019 s)
	Re-balancing...
	Send and create bricks on destination sub meshes...
	Collecting ghosts...
	Balancing finished.
Refinement result: 159523 bricks (0.143 s)
Collecting and processing rays...OK (0.040 s)
Capturing...OK (0.011 s)
FYI: m_iteration_count = 3
FYI: level1 statistics:
     level1_cnt_plus[1]=7500;		level1_cnt_minus[1]=0
     level1_cnt_plus[2]=20128;		level1_cnt_minus[2]=0
     level1_cnt_plus[3]=0;		level1_cnt_minus[3]=0
     level1_cnt_plus[4]=0;		level1_cnt_minus[4]=0
     level1_cnt_plus[5]=0;		level1_cnt_minus[5]=0
     level1_cnt_plus[6]=0;		level1_cnt_minus[6]=0
     level1_cnt_plus[7]=0;		level1_cnt_minus[7]=0
     level1_cnt_plus[8]=0;		level1_cnt_minus[8]=0
     level1_cnt_plus[9]=0;		level1_cnt_minus[9]=0
Refinement input: 159523 bricks
Setting regions...OK (0.021 s)
Refinement result: 160216 bricks (0.059 s)
Collecting and processing rays...OK (0.008 s)
Capturing...OK (0.004 s)
FYI: m_iteration_count = 4
FYI: level1 statistics:
     level1_cnt_plus[1]=7473;		level1_cnt_minus[1]=0
     level1_cnt_plus[2]=20856;		level1_cnt_minus[2]=0
     level1_cnt_plus[3]=0;		level1_cnt_minus[3]=0
     level1_cnt_plus[4]=0;		level1_cnt_minus[4]=0
     level1_cnt_plus[5]=0;		level1_cnt_minus[5]=0
     level1_cnt_plus[6]=0;		level1_cnt_minus[6]=0
     level1_cnt_plus[7]=0;		level1_cnt_minus[7]=0
     level1_cnt_plus[8]=0;		level1_cnt_minus[8]=0
     level1_cnt_plus[9]=0;		level1_cnt_minus[9]=0
Refinement input: 160216 bricks
Setting regions...OK (0.024 s)
Refinement result: 160258 bricks (0.053 s)
Collecting and processing rays...OK (0.008 s)
Capturing...OK (0.004 s)
FYI: m_iteration_count = 5
FYI: level1 statistics:
     level1_cnt_plus[1]=7494;		level1_cnt_minus[1]=0
     level1_cnt_plus[2]=20880;		level1_cnt_minus[2]=0
     level1_cnt_plus[3]=0;		level1_cnt_minus[3]=0
     level1_cnt_plus[4]=0;		level1_cnt_minus[4]=0
     level1_cnt_plus[5]=0;		level1_cnt_minus[5]=0
     level1_cnt_plus[6]=0;		level1_cnt_minus[6]=0
     level1_cnt_plus[7]=0;		level1_cnt_minus[7]=0
     level1_cnt_plus[8]=0;		level1_cnt_minus[8]=0
     level1_cnt_plus[9]=0;		level1_cnt_minus[9]=0
Refinement input: 160258 bricks
Setting regions...OK (0.020 s)
Refinement result: 160272 bricks (0.049 s)
Collecting and processing rays...OK (0.007 s)
Capturing...OK (0.005 s)
FYI: m_iteration_count = 6
FYI: level1 statistics:
     level1_cnt_plus[1]=7501;		level1_cnt_minus[1]=0
     level1_cnt_plus[2]=20888;		level1_cnt_minus[2]=0
     level1_cnt_plus[3]=0;		level1_cnt_minus[3]=0
     level1_cnt_plus[4]=0;		level1_cnt_minus[4]=0
     level1_cnt_plus[5]=0;		level1_cnt_minus[5]=0
     level1_cnt_plus[6]=0;		level1_cnt_minus[6]=0
     level1_cnt_plus[7]=0;		level1_cnt_minus[7]=0
     level1_cnt_plus[8]=0;		level1_cnt_minus[8]=0
     level1_cnt_plus[9]=0;		level1_cnt_minus[9]=0
FYI: m_iteration_count = 7
FYI: level1 statistics:
     level1_cnt_plus[1]=7501;		level1_cnt_minus[1]=0
     level1_cnt_plus[2]=20888;		level1_cnt_minus[2]=0
     level1_cnt_plus[3]=0;		level1_cnt_minus[3]=0
     level1_cnt_plus[4]=0;		level1_cnt_minus[4]=0
     level1_cnt_plus[5]=0;		level1_cnt_minus[5]=0
     level1_cnt_plus[6]=0;		level1_cnt_minus[6]=0
     level1_cnt_plus[7]=0;		level1_cnt_minus[7]=0
     level1_cnt_plus[8]=0;		level1_cnt_minus[8]=0
     level1_cnt_plus[9]=0;		level1_cnt_minus[9]=0
FYI: level1 statistics:
     level1_cnt_plus[1]=7501;		level1_cnt_minus[1]=0
     level1_cnt_plus[2]=20888;		level1_cnt_minus[2]=0
     level1_cnt_plus[3]=0;		level1_cnt_minus[3]=0
     level1_cnt_plus[4]=0;		level1_cnt_minus[4]=0
     level1_cnt_plus[5]=0;		level1_cnt_minus[5]=0
     level1_cnt_plus[6]=0;		level1_cnt_minus[6]=0
     level1_cnt_plus[7]=0;		level1_cnt_minus[7]=0
     level1_cnt_plus[8]=0;		level1_cnt_minus[8]=0
     level1_cnt_plus[9]=0;		level1_cnt_minus[9]=0
	CNarrowChannelRefiner::ChannelsResolution            function_total                0      = 1.35916 sec

-----------------------------------------------------------------------
U-shapes refinement...
Refinement input: 160272 bricks
Refinement result: 160272 bricks (0.030 s)
Collecting and processing rays...OK (0.006 s)
Capturing...OK (0.003 s)
-----------------------------------------------------------------------

-----------------------------------------------------------------------
Equi Distant Refiner:
Equi Distant Refiner takes 0.00 s
-----------------------------------------------------------------------
Building geometry takes 1.935 s
Geometry Fluid.0.
Total		160272
Partial	12231
Fluid		146256
Solid		1399
Bad		386

/-Ray Intersection---------------/ Time	0.103 s
Calls			12761
CorrectRay Calls	0


Building geometries takes 1.939 s
-----------------------------------------------------------------------

-----------------------------------------------------------------------
PostBuilding geometries:
PostBuilding geometries takes 0.006 s
-----------------------------------------------------------------------
Defect ray count	0
FYI: CNarrowChannelRefiner::RedistributeLevel1_step_1: is finished
FYI: level1 statistics:
     level1_cnt_plus[1]=5525;		level1_cnt_minus[1]=0
     level1_cnt_plus[2]=22864;		level1_cnt_minus[2]=0
     level1_cnt_plus[3]=0;		level1_cnt_minus[3]=0
     level1_cnt_plus[4]=0;		level1_cnt_minus[4]=0
     level1_cnt_plus[5]=0;		level1_cnt_minus[5]=0
     level1_cnt_plus[6]=0;		level1_cnt_minus[6]=0
     level1_cnt_plus[7]=0;		level1_cnt_minus[7]=0
     level1_cnt_plus[8]=0;		level1_cnt_minus[8]=0
     level1_cnt_plus[9]=0;		level1_cnt_minus[9]=0
FYI: CNarrowChannelRefiner::RedistributeLevel1_step_2: is started
FYI: CNarrowChannelRefiner::RedistributeLevel1_step_2: is finished
FYI: level1 statistics:
     level1_cnt_plus[1]=5621;		level1_cnt_minus[1]=0
     level1_cnt_plus[2]=22967;		level1_cnt_minus[2]=0
     level1_cnt_plus[3]=0;		level1_cnt_minus[3]=0
     level1_cnt_plus[4]=0;		level1_cnt_minus[4]=0
     level1_cnt_plus[5]=0;		level1_cnt_minus[5]=0
     level1_cnt_plus[6]=0;		level1_cnt_minus[6]=0
     level1_cnt_plus[7]=0;		level1_cnt_minus[7]=0
     level1_cnt_plus[8]=0;		level1_cnt_minus[8]=0
     level1_cnt_plus[9]=0;		level1_cnt_minus[9]=0
FYI: CNarrowChannelRefiner::RedistributeLevel1_step_3: is started
FYI: CNarrowChannelRefiner::RedistributeLevel1_step_3: is finished
RedistributeLevel1 takes:
	CNarrowChannelRefiner::RedistributeLevel1            function_total                0      = 0.346465 sec
FYI: level1 statistics:
     level1_cnt_plus[1]=5621;		level1_cnt_minus[1]=190
     level1_cnt_plus[2]=22967;		level1_cnt_minus[2]=74
     level1_cnt_plus[3]=0;		level1_cnt_minus[3]=0
     level1_cnt_plus[4]=0;		level1_cnt_minus[4]=0
     level1_cnt_plus[5]=0;		level1_cnt_minus[5]=0
     level1_cnt_plus[6]=0;		level1_cnt_minus[6]=0
     level1_cnt_plus[7]=0;		level1_cnt_minus[7]=0
     level1_cnt_plus[8]=0;		level1_cnt_minus[8]=0
     level1_cnt_plus[9]=0;		level1_cnt_minus[9]=0
-----------------------------------------------------------------------
BCF-Builder Iteration: 0
Memory Working Set Current = 113.56 Mb, Memory Working Set Peak = 145.78 Mb
Process Threads Number: 29
Loading geometries triangulation & x-stacks...OK
x-stacks size = 0.41 Mb
	Sub-mesh 0:
		Total  brick(s) 15841
		Native brick(s) 13293
		Inner  brick(s) 10745
		Outer  brick(s) 2548
		Ghost  brick(s) 2548
	Sub-mesh 1:
		Total  brick(s) 18389
		Native brick(s) 13293
		Inner  brick(s) 8197
		Outer  brick(s) 5096
		Ghost  brick(s) 5096
	Sub-mesh 2:
		Total  brick(s) 18389
		Native brick(s) 13293
		Inner  brick(s) 8197
		Outer  brick(s) 5096
		Ghost  brick(s) 5096
	Sub-mesh 3:
		Total  brick(s) 19182
		Native brick(s) 13335
		Inner  brick(s) 7359
		Outer  brick(s) 5976
		Ghost  brick(s) 5847
	Sub-mesh 4:
		Total  brick(s) 20555
		Native brick(s) 13650
		Inner  brick(s) 7004
		Outer  brick(s) 6646
		Ghost  brick(s) 6905
	Sub-mesh 5:
		Total  brick(s) 20014
		Native brick(s) 13482
		Inner  brick(s) 6696
		Outer  brick(s) 6786
		Ghost  brick(s) 6532
	Sub-mesh 6:
		Total  brick(s) 19588
		Native brick(s) 13419
		Inner  brick(s) 7341
		Outer  brick(s) 6078
		Ghost  brick(s) 6169
	Sub-mesh 7:
		Total  brick(s) 19063
		Native brick(s) 13328
		Inner  brick(s) 7525
		Outer  brick(s) 5803
		Ghost  brick(s) 5735
	Sub-mesh 8:
		Total  brick(s) 18784
		Native brick(s) 13293
		Inner  brick(s) 7903
		Outer  brick(s) 5390
		Ghost  brick(s) 5491
	Sub-mesh 9:
		Total  brick(s) 18389
		Native brick(s) 13293
		Inner  brick(s) 8197
		Outer  brick(s) 5096
		Ghost  brick(s) 5096
	Sub-mesh 10:
		Total  brick(s) 18389
		Native brick(s) 13293
		Inner  brick(s) 8197
		Outer  brick(s) 5096
		Ghost  brick(s) 5096
	Sub-mesh 11:
		Total  brick(s) 15848
		Native brick(s) 13300
		Inner  brick(s) 10752
		Outer  brick(s) 2548
		Ghost  brick(s) 2548
	Total brick(s) 160272

-----------------------------------------------------------------------
MSH (Real Geometry) format constructor:
Getting submesh brick sets...OK (0.010 s)
Level 2
	Inner time 0.368 s
	Outer Time 0.190 s
	Level Time 0.559 s
Level 1
	Inner time 0.143 s
	Outer Time 0.138 s
	Level Time 0.281 s
Level 0
	Inner time 0.029 s
	Outer Time 0.071 s
	Level Time 0.101 s

Brick parser time info:
	3.902 s - time_Run
		0.095 s - time_ConstructPoints
			0.073 s - time_ConstructPointsAddFind2
		0.181 s - time_ConstructPointsAndConnectsFromNb
		0.049 s - time_AddRibConnects
		0.336 s - time_ConstructBrickFacets
			0.139 s - time_GetPointsFaceSegments
			0.102 s - time_CalculateQpoints
				0.038 s - time_AddFacetPoint_GetFacesQpoint
					0.000 s - time_GetFacesQpoint_UShaped
						0.000 s - time_GetFacesQpoint2
					0.000 s - time_GetFacesQpoint_AddEdgesToList
					0.037 s - time_Edge_GetClosestPointOn
					0.004 s - time_Edge_NewtonMethod
					0.000 s - time_GetFacesQpoint_ManyFinds
				0.048 s - time_AddFacetPoint_AddQPoint
					0.046 s - time_PointReverseEvaluate
				0.000 s - time_AddFacetPoint_AddFind2
		0.000 s - time_RemoveOddConnects
		0.077 s - time_TestConnectivity
		0.007 s - time_ValidateXeps
		0.129 s - time_ConstructFaceAs
		0.019 s - time_ConstructCvs
		0.024 s - time_ConstructFaceWs
		0.033 s - time_RealGeomAddQPoints
		0.037 s - time_RealGeomAddNewFaces
		0.000 s - time_RealGeomInitOppositeGeomFaceInd
		0.251 s - time_RealGeomApproxCurveFaces
		0.000 s - time_Enum1
		0.000 s - time_Enum2
		0.015 s - time_RealGeomCheckInvalidConnects
		2.275 s - time_RealGeomParameters
			1.510 s - time_CalculateParametersOfCv
			0.718 s - time_CalculateParametersOfFace
				0.186 s - time_CalculateRR
				0.515 s - time_CalculateRefFaceData
				0.004 s - time_CalculateLambdaProjection
			0.034 s - time_SetFacesOrientation
Result:
	Bricks number:                        160272

	Memory usage:                         7.834 MB
	Memory usage (per brick):             0.050 KB
	Construction time:                    1.129 s

	Topology features:
	------------------
	- High quality bricks                 100.00 % (160272)
	- Medium quality bricks                 0.00 % (0)
	- Bad quality bricks                    0.00 % (0)
	- Ribs corrected bricks                 0.00 % (0)
	- Points with geom-info (bricks)        0.00 % (3)
	- Points with closest-info (bricks)     0.00 % (0)
	- Triangulated by center (bricks)       0.00 % (6)
	- Facet w-faces mergings (bricks)       0.00 % (0)
	- To refine (bricks)                    0.00 % (0)

Memory Working Set Current = 137.62 Mb, Memory Working Set Peak = 158.93 Mb
Process Threads Number: 29
-----------------------------------------------------------------------
-----------------------------------------------------------------------
MSH --> BCF format (Iteration 0)...
BCF collector...(remove mode=0)
	(1) Bcf collect time 0.317 s (18389 avs, 0 fws)
	(9) Bcf collect time 0.351 s (18389 avs, 0 fws)
	(11) Bcf collect time 0.351 s (15848 avs, 0 fws)
	(10) Bcf collect time 0.318 s (18389 avs, 0 fws)
	(2) Bcf collect time 0.351 s (18389 avs, 0 fws)
	(0) Bcf collect time 0.351 s (15841 avs, 0 fws)
	(8) Bcf collect time 0.362 s (19714 avs, 1277 fws)
	(3) Bcf collect time 0.396 s (21493 avs, 3271 fws)
	(7) Bcf collect time 0.400 s (21488 avs, 3553 fws)
	(6) Bcf collect time 0.407 s (22028 avs, 3824 fws)
	(4) Bcf collect time 0.438 s (24171 avs, 5576 fws)
	(5) Bcf collect time 0.489 s (24388 avs, 7563 fws)
	(11) Remove defect avs time 0.141 s
	(7) Remove defect avs time 0.141 s
	(3) Remove defect avs time 0.141 s
	(8) Remove defect avs time 0.141 s
	(2) Remove defect avs time 0.141 s
	(5) Remove defect avs time 0.141 s
	(6) Remove defect avs time 0.141 s
	(9) Remove defect avs time 0.142 s
	(0) Remove defect avs time 0.143 s
	(4) Remove defect avs time 0.143 s
	(1) Remove defect avs time 0.143 s
	(10) Remove defect avs time 0.143 s
Defect subdomain detector...
		1 subdomain(s) of gi=0 (real bodies = 1).
			Subdomain 0: 159367 av
		Get real subdoms time 0.000 s
		Mark defect subdomains by closed av...
		Mark by closed av time 0.020 s
		Mark defect subdomains by real bodies...
		0 defect subdomain(s) of gi=0.
		1 subdomain(s) of gi=1 (real bodies = 0).
			Subdomain 0: 14123 av
		Get real subdoms time 0.000 s
		0 defect subdomain(s) of gi=1.
	(4) Remove defect subdoms time 0.070 s
	(3) Remove defect subdoms time 0.070 s
	(11) Remove defect subdoms time 0.070 s
	(5) Remove defect subdoms time 0.070 s
	(10) Remove defect subdoms time 0.070 s
	(9) Remove defect subdoms time 0.070 s
	(8) Remove defect subdoms time 0.070 s
	(1) Remove defect subdoms time 0.070 s
	(6) Remove defect subdoms time 0.069 s
	(7) Remove defect subdoms time 0.070 s
	(2) Remove defect subdoms time 0.070 s
	(0) Remove defect subdoms time 0.070 s
NB-faces collector & conservator...
Sub-mesh 0.
	Conservated total=0 (bb-faces=0)
Sub-mesh 1.
	Conservated total=0 (bb-faces=0)
Sub-mesh 2.
	Conservated total=0 (bb-faces=0)
Sub-mesh 3.
	Conservated total=0 (bb-faces=0)
Sub-mesh 4.
	Conservated total=0 (bb-faces=0)
Sub-mesh 5.
	Conservated total=0 (bb-faces=0)
Sub-mesh 6.
	Conservated total=0 (bb-faces=0)
Sub-mesh 7.
	Conservated total=0 (bb-faces=0)
Sub-mesh 8.
	Conservated total=0 (bb-faces=0)
Sub-mesh 9.
	Conservated total=0 (bb-faces=0)
Sub-mesh 10.
	Conservated total=0 (bb-faces=0)
Sub-mesh 11.
	Conservated total=0 (bb-faces=0)
	(0) Bcf calc time 0.014 s
	(11) Bcf calc time 0.015 s
	(1) Bcf calc time 0.018 s
	(2) Bcf calc time 0.018 s
	(8) Bcf calc time 0.020 s
	(9) Bcf calc time 0.021 s
	(10) Bcf calc time 0.021 s
	(7) Bcf calc time 0.110 s
	(3) Bcf calc time 0.100 s
	(6) Bcf calc time 0.115 s
	(4) Bcf calc time 0.137 s
	(5) Bcf calc time 0.157 s
FACE_W optimizer ...
Sub-mesh 0.
	Before optimization total=6430 (fs=0, ff=0, ss=0)
	After  optimization total=6430 (fs=0, ff=0, ss=0)
Sub-mesh 1.
	Before optimization total=6632 (fs=0, ff=0, ss=0)
	After  optimization total=6632 (fs=0, ff=0, ss=0)
Sub-mesh 2.
	Before optimization total=6632 (fs=0, ff=0, ss=0)
	After  optimization total=6632 (fs=0, ff=0, ss=0)
Sub-mesh 3.
	Before optimization total=11080 (fs=3271, ff=0, ss=0)
	After  optimization total=10803 (fs=2994, ff=0, ss=0)
Sub-mesh 4.
	Before optimization total=14691 (fs=5576, ff=0, ss=0)
	After  optimization total=13929 (fs=4814, ff=0, ss=0)
Sub-mesh 5.
	Before optimization total=16206 (fs=7563, ff=0, ss=0)
	After  optimization total=14804 (fs=6161, ff=0, ss=0)
Sub-mesh 6.
	Before optimization total=12063 (fs=3824, ff=0, ss=0)
	After  optimization total=11930 (fs=3691, ff=0, ss=0)
Sub-mesh 7.
	Before optimization total=11264 (fs=3553, ff=0, ss=0)
	After  optimization total=11257 (fs=3546, ff=0, ss=0)
Sub-mesh 8.
	Before optimization total=8643 (fs=1277, ff=0, ss=0)
	After  optimization total=8643 (fs=1277, ff=0, ss=0)
Sub-mesh 9.
	Before optimization total=6632 (fs=0, ff=0, ss=0)
	After  optimization total=6632 (fs=0, ff=0, ss=0)
Sub-mesh 10.
	Before optimization total=6632 (fs=0, ff=0, ss=0)
	After  optimization total=6632 (fs=0, ff=0, ss=0)
Sub-mesh 11.
	Before optimization total=6430 (fs=0, ff=0, ss=0)
	After  optimization total=6430 (fs=0, ff=0, ss=0)
-----------------------------------------------------------------------
-----------------------------------------------------------------------
Merging BCF...
Merging bricks trees...OK (0.13 s)
Merging av data...OK (0.07 s)
Merging a-faces data (fluid)...
	New a-face count   468313
	Bound a-face count 32068 (6.85 %)
Merging a-faces data takes 0.09 s
Merging a-faces data (solid)...
	New a-face count   37797
	Bound a-face count 1394 (3.69 %)
Merging a-faces data takes 0.01 s
Merging w-faces data...
	New w-face count   33865
	Bound w-face count 0 (0.00 %)
	Need fw-nb         13744 (40.58 %)
Merging w-faces data takes 0.06 s
Merging BCF takes (0.45 s)
-----------------------------------------------------------------------

-----------------------------------------------------------------------
Geometrical diagonal nb-faces collector (cpu_num=12)...
	Time=0.055s.
-----------------------------------------------------------------------
Fluid Subdom Constructor: 1 subdom(s).
	Remove nb-fw from diff subdomains (fs)...
		Diff subdomains cases         0
-----------------------------------------------------------------------
Mega-cv constructor for fluid...
	 15 av's is treated as thin
Relative size generator (threshold = 0.05)...OK
	 567 mega-cv's generated
	 9 mega-cv's removed
Convert clusters:
	 558 mega-cv's total
Mega-cv count: 558
-----------------------------------------------------------------------
Mixing plane rotation regions: NO.
Sliding mesh rotation regions: NO.
Fluid/fluid faces: NO.

-----------------------------------------------------------------------
BCF CHECKSUM DATA (Mesh 0):

FACE_A Area Sum:   G.Fluid        17.5026707681114786
FACE_A Area Sum:   G.Solid        0.0228595047346075
FACE_W Area Sum:                  0.7108238860422977
FACE_W Nb   Sum:                  286294
FACE_W min curvatures sum:        -451283.35500806
FACE_W max curvatures sum:        342541.22090707
AV Max Disbalance: G.Fluid        3.90594e-11 (cid=55497, avid=55359, pid=1847)
AV Max Disbalance: G.Solid        1.96005e-10 (cid=55974, avid=161629, pid=2006)
-----------------------------------------------------------------------


-----------------------------------------------------------------------
MESHER TOPOLOGY DATA (Mesh 0):

BRICKS: Total                 160272
BRICKS: 1-CV                  147555
BRICKS: 2-CV                  12216
BRICKS: 3-CV                  501
BRICKS: Bad                   0

AV:     G.Total               173490
AV:     G.Fluid               159367
AV:     G.Solid               14123

AV:     G.Fluid Thin Profile    0.01 % (20)
AV:     G.Solid Thin Profile    3.41 % (481)

AV:     G.Fluid Thin For Mega   0.01 % (15)
AV:     G.Solid Thin For Mega   2.97 % (419)

AV:     G.Fluid Non-Convex      1.50 % (2394)
AV:     G.Solid Non-Convex     18.03 % (2546)

FACE_A: G.Fluid          (af) 468313 (partially opened 27075)
FACE_A: G.Solid          (as) 37797 (partially opened 26621)

FACE_W: G.Total                 33865       Brick/Bound
FACE_W: G.Fluid/Solid    (fs_g) 18265       0           
FACE_W: G.Fluid/Fluid    (ff_g) 0           0           
FACE_W: G.Solid/Solid    (ss_g) 0           0           
FACE_W: G.Fluid/External (fe_g) 15600
FACE_W: G.Solid/External (se_g) 0

AV/CV max fa count (on brick side):5
AV/CV max fw count:                5
AV/CV max fw poly count:           12

MEMORY: Total                   54.976 MB
MEMORY: Per Brick               0.351 KB
-----------------------------------------------------------------------

----------------------------------------------------------
BCF --> BCF.GEOMSUBDOM (bridge arrays) (cpu_num=12):
MESH (0):
	Fluid Subdom Constructor: 1 subdom(s).
	Solid Subdom Constructor: 1 subdom(s).
	Net Asm Subdom Constructor: 0 subdom(s).
	GEOMSUBDOM (0): gi=0 fluid av=159367 cv=158750 fa=468313 fw=33865 V=3.973279e-02
	GEOMSUBDOM (1): gi=1 solid av=14123 cv=14123 fa=37797 fw=18265 V=1.111446e-05
	Setting nb of w-faces...OK.

MESH (0) checking:
	GEOMSUBDOM (0):fa_s=17.5026707681115070 fw_s=0.7108238860422976 fw_nb=286294
	GEOMSUBDOM (1):fa_s=0.0228595047346075 fw_s=0.0119772303474194 fw_nb=161518
MESH (0) checking: OK.
----------------------------------------------------------
-----------------------------------------------------------------------
Connectivities information:
	Number of conns: 0
-----------------------------------------------------------------------
-----------------------------------------------------------------------
Calculating curvature and tolerance criteria...
Curvature: min=0 max=2.3223
Tolerance: min=0 max=0.00212624
Calculating curvature and tolerance criteria takes 0.087 s
-----------------------------------------------------------------------
Current CPU = 6 sec

Nx=52
Ny=49
Nz=52
Max_RL=2
-----------------CModelBodies2MeshMapper::CollectData started -------------------------------
-----------------CModelBodies2MeshMapper Report -------------------------------
FluidDomains 1 SolidDomains 1 VoidDomains 0 
Domains RefIndexes
Domain 0, Index count 91
Domain 1, Index count 91
----------------- -------------------------------
	ModelBodies
Total resolved Bodies 0 BodySets 0

--------------------------------------------------------------------------
	Positive geometry Bodies
Total resolved Bodies 1 BodySets 1
BodySet 0
	Bodies list:
			#0	Name: ;	ID: f7b7271a-67dd-4619-a1c7-648adff76787
	Domains list:		 0 

--------------------------------------------------------------------------
	Fluid regions
Total resolved Bodies 1 BodySets 1
BodySet 0	Material: Air; 
	Bodies list:
			#0	Name: ;	ID: f7b7271a-67dd-4619-a1c7-648adff76787
	Domains list:		 0 

--------------------------------------------------------------------------
-----------------CModelBodies2MeshMapper::CollectData finished successfully-------------------
Saving initial mesh in: C:\Users\pjoyce\Documents\GitHub\Pulley-Z-axis\Simulations\3\3.fld .
Storing results...
Estimated CPT size=21.803 MB.
OK
Memory Working Set Current = 223.16 Mb, Memory Working Set Peak = 274.63 Mb
Process Threads Number: 29
Cleaning memory...
Free Geometry DB takes 0.003 s
Copying... OK

------------------------------------------------------------------------------------------------------------
CPU report:
Function                                             CPU           descriptor                    nproc     
------------------------------------------------------------------------------------------------------------
CCmnMesherData::GetGeometryFromDataBase              0.125 sec   function_total               
CCmnMesherData::GetGeometryFromDataBase              0.018 sec   InitGeometryTriangles        
CCptMesherData::PrepareMappedTriangles               0.048 sec   function_total               
CCmnMesherData::SwapGeometries                       0.000 sec   function_total               
CCptMesherData::PreBuild                             0.053 sec   function_total               
CCptMesherData::SetBrickRegion                       0.269 sec   function_total               
CCptMesherData::Build                                1.951 sec   function_total               
CCptMesherData::BuildGeometry                        1.935 sec   function_total               
CCmnMesherData::ActivateAllCellsParameters           0.023 sec   function_total               
CCptMesherData::RefineByTriangles                    0.436 sec   function_total               
CCmnMesherData::CaptureRefined                       0.336 sec   function_total               
CRayCollector::GetMultiRaysIntersections             0.025 sec   full                         
CRayCollector::CorrectRays2                          0.177 sec   full                         
CRayCollector::CorrectRays2                          0.063 sec   stage_1_collect_undefined_vertices1
CRayCollector::CorrectRays2                          0.052 sec   collect_bad_rays             
CRayCollector::CorrectRays2                          0.046 sec   stage2_correct_ray           
CCptMesherData::RefinePeculiarSurfaces               0.026 sec   function_total               
CNarrowChannelRefiner::ChannelsResolution            1.359 sec   function_total               
CNarrowChannelRefiner::RefineChannels_PRLL           1.346 sec   function_total               
CNarrowChannelRefiner::GetMainNormals                0.038 sec   function_total               
CNarrowChannelRefiner::GetMainNormals                0.166 sec   function_total               
CNarrowChannelRefiner::GetMainNormals                0.238 sec   function_total               
CNarrowChannelRefiner::GetMainNormals                0.077 sec   function_total               
CNarrowChannelRefiner::GetMainNormals                0.058 sec   function_total               
CNarrowChannelRefiner::GetMainNormals                0.010 sec   function_total               
CNarrowChannelRefiner::facade_bricks_of_brick_dirv   0.003 sec   function_total               
CNarrowChannelRefiner::facade_bricks_of_brick_dirv   0.006 sec   function_total               
CNarrowChannelRefiner::facade_bricks_of_brick_dirv   0.007 sec   function_total               
CNarrowChannelRefiner::facade_bricks_of_brick_dirv   0.048 sec   function_total               
CNarrowChannelRefiner::facade_bricks_of_brick_dirv   0.195 sec   function_total               
CNarrowChannelRefiner::facade_bricks_of_brick_dirv   0.212 sec   function_total               
CNarrowChannelRefiner::facade_bricks_of_brick_dirv   0.083 sec   function_total               
CNarrowChannelRefiner::facade_bricks_of_brick_dirv   0.069 sec   function_total               
CNarrowChannelRefiner::facade_bricks_of_brick_dirv   0.019 sec   function_total               
CNarrowChannelRefiner::facade_bricks_of_brick_dirv   0.008 sec   function_total               
CNarrowChannelRefiner::facade_bricks_of_brick_dirv   0.006 sec   function_total               
CNarrowChannelRefiner::facade_bricks_of_brick_dirv   0.003 sec   function_total               
CNarrowChannelRefiner::next_brick_on_ray             0.002 sec   function_total               
CNarrowChannelRefiner::next_brick_on_ray             0.004 sec   function_total               
CNarrowChannelRefiner::next_brick_on_ray             0.004 sec   function_total               
CNarrowChannelRefiner::next_brick_on_ray             0.043 sec   function_total               
CNarrowChannelRefiner::next_brick_on_ray             0.183 sec   function_total               
CNarrowChannelRefiner::next_brick_on_ray             0.201 sec   function_total               
CNarrowChannelRefiner::next_brick_on_ray             0.075 sec   function_total               
CNarrowChannelRefiner::next_brick_on_ray             0.062 sec   function_total               
CNarrowChannelRefiner::next_brick_on_ray             0.016 sec   function_total               
CNarrowChannelRefiner::next_brick_on_ray             0.005 sec   function_total               
CNarrowChannelRefiner::next_brick_on_ray             0.004 sec   function_total               
CNarrowChannelRefiner::next_brick_on_ray             0.002 sec   function_total               
CNarrowChannelRefiner::RefineChannels_PRLL           0.543 sec   NCR_execute_refinement       
CCptMesherData::BuildGeometry                        0.000 sec   equidistant_refiner          
CNarrowChannelRefiner::RedistributeLevel1            0.358 sec   function_total               
CTPBuilder::build_bcf                                3.309 sec   function_total               
CTPBuilder::bcf_builder                              2.693 sec   function_total               
CCmnMesherData::LoadTrianglesAndXSL                  0.001 sec   function_total               
CTPBuilder::collect_msh_format                       1.161 sec   function_total               
CTPBuilder::Run                                      0.862 sec   bcf_collect                  
CTPBuilder::Run                                      0.631 sec   bcf_merge                    
CTPBuilder::build_bcf                                0.255 sec   collect_mega_cv              
CTPBuilder::build_bcf                                0.293 sec   convert_to_mds_function      
CTPBuilder::build_bcf                                0.000 sec   sector_periodicity           
CCptMesherData::CalculateCurvatureAndToleranceCriteria 0.087 sec   function_total               
CCptMesherData::CreateMesh                           0.005 sec   bodies_2_mesh_mapper         
CCptMesherData::StoreCptFile                         0.953 sec   function_total               
CCptMesherData::FreeMesherData                       0.188 sec   function_total               
------------------------------------------------------------------------------------------------------------

Mesh generation normally finished at	23.8.2024	16:47:41
Mesher CPU = 8 sec
Mesher is finished at	23.8.2024	16:47:41
Algebra Pool      : mem_usage = 3.44 Mb, allocated count = 0
Log ended at 23.8.2024	16:47:41
