Log started at 11.9.2024	16:4:9
Number of used processors (NPROC): 12.
Number of mesh partitions (NPART): 12.
Total Physical Memory = 31.79 Gb, Available Physical Memory = 17.35 Gb
Computer name:	LT-PJOYCE1
Operating system:	Windows 10 (or higher) (Version 10.0.19045)

SOLIDWORKS 2018 SP5.0
Flow Simulation 2018  x64 / 4373 / MESHER ver. efd_17_2.4218_16.04.2018 

Project: C:\Users\pjoyce\Documents\GitHub\Pulley-Z-axis\Simulations\4\4.xmlconfig

Mesh generation started:	11.9.2024	16:4:9
Current CPU = 0 sec
-----------------------------------------------------------------------
Geometries initialization:

Geometry database loading ...OK
-----------------------------------------------------------------------
Loading mesh settings (global/local)...
-----------------------------------------------------------------------
Number of geometries: 1
Geometry(0):
	Fluid..
	2 Bodies.
	1 Real body.
	Tolerance=1.4719e-05.
	39 Face(s).
		39 of b-spline type.
	3106 Triangle(s).
	0 Face(s) that have no ref faces
	31 Plane surface(s).
	8 Cylinder surface(s).
	75 Edge(s).
		75 of b-spline type.
	Geometry reading: 0.005 s.
	33 Reference Face(s).
	3094 Reference Triangles.
	GeometryRef reading: 0.003 s.
Last Geometry:
	Solid.
	Making hash and connectivity for geometry 0...
		CBodyGeom:
		Hash size: {10, 26, 8}.
		Mesh size: {10, 26, 8}.
		Hashing triangles...Ok.
			axis(0) tr sizes: average=44 max=310
			axis(1) tr sizes: average=103 max=256
			axis(2) tr sizes: average=38 max=446
		Making triangles connectivity...Ok. (0.009 s).
		Neighbour triangles: 100.00 % (good connect) - 0.00 % (bad connect). Min: 3. Max: 3.
		Done.
		Number of t-connected sets:3
			(0) size=12
			(1) size=1434 cavity
			(2) size=1660
		Done.
		CBodyGeomRef:
		Hashing triangles...Ok.
			axis(0) tr sizes: average=67 max=299
			axis(1) tr sizes: average=107 max=245
			axis(2) tr sizes: average=46 max=444
		Making triangles connectivity...Ok. (0.004 s).
		Neighbour triangles: Min: 1. Max: 3.
		Done.
		Done.
	0.013 s.
Geometries reading and preparing has taken 0.023 s.

Mapped triangles:
Hashing geometries triangles
	Triangles num=3106
	Triangles box={-0.0256021  ,0.0256021  ,-0.038256  ,0.0901413  ,-0.0335254  ,0.00473697  }
		3d-hash size is 53368 bytes
		Making triangles connectivity...Ok. (0.008 s).
		Neighbour triangles: 100.00 % (good connect) - 0.00 % (bad connect). Min: 3. Max: 3.
Hashing peculiar surfaces triangles
	Triangles num=120
	Triangles box={-0.0246778  ,0.0246763  ,0.0375043  ,0.086214  ,-0.00316083  ,0.00476866  }
		3d-hash size is 13276 bytes
	Triangles num=2
	Triangles box={0.011737  ,0.011737  ,-0.0381797  ,-0.0348186  ,-0.0336604  ,-0.0155254  }
		3d-hash size is 8360 bytes
	Triangles num=2
	Triangles box={-0.011737  ,-0.011737  ,-0.0381797  ,-0.0348186  ,-0.0336604  ,-0.0155254  }
		3d-hash size is 8360 bytes
	Triangles num=120
	Triangles box={-0.0246778  ,0.0246763  ,0.0404876  ,0.0891973  ,-0.0214451  ,-0.0135157  }
		3d-hash size is 13576 bytes
	Triangles num=110
	Triangles box={-0.0222909  ,0.0222909  ,0.040091  ,0.0859234  ,-0.01537  ,0.00314088  }
		3d-hash size is 10624 bytes
	Triangles num=101
	Triangles box={-0.0222909  ,0.0222909  ,0.0419388  ,0.0859234  ,-0.01537  ,-0.0082097  }
		3d-hash size is 9932 bytes
	Triangles num=98
	Triangles box={-0.0222909  ,0.0222909  ,0.040091  ,0.0840757  ,-0.00401941  ,0.00314088  }
		3d-hash size is 9884 bytes
Mapped triangles processed in 0.020 s.
-----------------------------------------------------------------------
Getting sectors:
Number of sectors: 0
-----------------------------------------------------------------------
-----------------------------------------------------------------------

Current CPU = 0 sec

-----------------------------------------------------------------------
Mesh dimensions:
				I[0 ]=10
				I[1 ]=26
				I[2 ]=8

Comp. domain size:
				a[0  ]=-0.025551
				a[1  ]=0.025551
				a[2  ]=-0.0381279
				a[3  ]=0.0900131
				a[4  ]=-0.0334872
				a[5  ]=0.00469878

Fluid calculated			1
Solid calculated			0
-----------------------------------------------------------------------
MESH: distribute base bricks among sub-meshes...
	Base bricks count               2080
	Sub-meshes  count               12
	Base bricks count per sub-mesh  173 (+4)
	Sub-mesh 0: 173 base brick(s), range [0, 9]-[0, 2]-[0, 7]
	Sub-mesh 1: 173 base brick(s), range [0, 9]-[2, 4]-[0, 7]
	Sub-mesh 2: 173 base brick(s), range [0, 9]-[4, 6]-[0, 7]
	Sub-mesh 3: 173 base brick(s), range [0, 9]-[6, 8]-[0, 7]
	Sub-mesh 4: 173 base brick(s), range [0, 9]-[8, 10]-[0, 7]
	Sub-mesh 5: 173 base brick(s), range [0, 9]-[10, 12]-[0, 7]
	Sub-mesh 6: 173 base brick(s), range [0, 9]-[12, 15]-[0, 7]
	Sub-mesh 7: 173 base brick(s), range [0, 9]-[15, 17]-[0, 7]
	Sub-mesh 8: 173 base brick(s), range [0, 9]-[17, 19]-[0, 7]
	Sub-mesh 9: 173 base brick(s), range [0, 9]-[19, 21]-[0, 7]
	Sub-mesh 10: 173 base brick(s), range [0, 9]-[21, 23]-[0, 7]
	Sub-mesh 11: 177 base brick(s), range [0, 9]-[23, 25]-[0, 7]
-----------------------------------------------------------------------
-----------------------------------------------------------------------
MESH: collecting ghosts in sub-meshes...
	Sub-mesh 0:
		Total  brick(s) 253
		Native brick(s) 173
		Inner  brick(s) 93
		Outer  brick(s) 80
		Ghost  brick(s) 80
	Sub-mesh 1:
		Total  brick(s) 333
		Native brick(s) 173
		Inner  brick(s) 13
		Outer  brick(s) 160
		Ghost  brick(s) 160
	Sub-mesh 2:
		Total  brick(s) 333
		Native brick(s) 173
		Inner  brick(s) 13
		Outer  brick(s) 160
		Ghost  brick(s) 160
	Sub-mesh 3:
		Total  brick(s) 333
		Native brick(s) 173
		Inner  brick(s) 13
		Outer  brick(s) 160
		Ghost  brick(s) 160
	Sub-mesh 4:
		Total  brick(s) 333
		Native brick(s) 173
		Inner  brick(s) 13
		Outer  brick(s) 160
		Ghost  brick(s) 160
	Sub-mesh 5:
		Total  brick(s) 333
		Native brick(s) 173
		Inner  brick(s) 13
		Outer  brick(s) 160
		Ghost  brick(s) 160
	Sub-mesh 6:
		Total  brick(s) 333
		Native brick(s) 173
		Inner  brick(s) 13
		Outer  brick(s) 160
		Ghost  brick(s) 160
	Sub-mesh 7:
		Total  brick(s) 333
		Native brick(s) 173
		Inner  brick(s) 13
		Outer  brick(s) 160
		Ghost  brick(s) 160
	Sub-mesh 8:
		Total  brick(s) 333
		Native brick(s) 173
		Inner  brick(s) 13
		Outer  brick(s) 160
		Ghost  brick(s) 160
	Sub-mesh 9:
		Total  brick(s) 333
		Native brick(s) 173
		Inner  brick(s) 13
		Outer  brick(s) 160
		Ghost  brick(s) 160
	Sub-mesh 10:
		Total  brick(s) 333
		Native brick(s) 173
		Inner  brick(s) 13
		Outer  brick(s) 160
		Ghost  brick(s) 160
	Sub-mesh 11:
		Total  brick(s) 257
		Native brick(s) 177
		Inner  brick(s) 97
		Outer  brick(s) 80
		Ghost  brick(s) 80
	Total brick(s) 2080
-----------------------------------------------------------------------
Setting regions...OK (0.001 s)
Base mesh info------------------
	2D flag  =0
	Period   =[0, 0, 0]
	Nx=10
		x[0]=-0.025551
		x[1]=-0.0204392
		x[2]=-0.015329
		x[3]=-0.0102188
		x[4]=-0.0051086
		x[5]=1.60491e-06
		x[6]=0.0051118
		x[7]=0.010222
		x[8]=0.0153322
		x[9]=0.0204424
		x[10]=0.025551
	Ny=26
		y[0]=-0.0381279
		y[1]=-0.033198
		y[2]=-0.0282695
		y[3]=-0.023341
		y[4]=-0.0184125
		y[5]=-0.013484
		y[6]=-0.00855555
		y[7]=-0.00362705
		y[8]=0.00130145
		y[9]=0.00622995
		y[10]=0.0111585
		y[11]=0.016087
		y[12]=0.0210155
		y[13]=0.025944
		y[14]=0.0308725
		y[15]=0.035801
		y[16]=0.0407295
		y[17]=0.045658
		y[18]=0.0505865
		y[19]=0.055515
		y[20]=0.0604435
		y[21]=0.065372
		y[22]=0.0703005
		y[23]=0.075229
		y[24]=0.0801575
		y[25]=0.085086
		y[26]=0.0900131
	Nz=8
		z[0]=-0.0334872
		z[1]=-0.0287129
		z[2]=-0.0239396
		z[3]=-0.0191664
		z[4]=-0.0143931
		z[5]=-0.00961987
		z[6]=-0.00484662
		z[7]=-7.33708e-05
		z[8]=0.00469878
End of base mesh info---------
Input_mesh_settings--------------------------------
Settings 0----------------
	Scope: GLOBAL
	Type:	------MESHER_SETTINGS----------
	RefAllCells           =0
	RefFluidCells         =0
	RefPartCells          =0
	RefSolidCells         =0
	l_SSFR(Capture crit)  =2
	l_curv(Curvature crit)=0
	l_tol(Tolerance crit) =2
	  k_tol               =0.000840258
	UseChannelRef         =1
	  NCR_method          =0
	  l_NCR               =2
	  N_gap               =5
	  Use d_NCR_min       =0
	  Use d_NCR_max       =0
	IgnoreThinChannelsHeight         =0
	--END_OF_MESHER_SETTINGS-------
End of input mesh settings-------------------------

-----------------------------------------------------------------------
Building geometries:
Building geometry Fluid.0.(0)...

-----------------------------------------------------------------------
Refining by triangulation...
Refinement input: 2080 bricks
Setting regions...OK (0.002 s)
	Re-balancing...
	Send and create bricks on destination sub meshes...
	Collecting ghosts...
	Balancing finished.
Setting regions...OK (0.001 s)
	Re-balancing...
	Send and create bricks on destination sub meshes...
	Collecting ghosts...
	Balancing finished.
Refinement result: 8989 bricks (0.035 s)
Refinement input: 8989 bricks
Refinement result: 8989 bricks (0.001 s)
Collecting and processing rays...OK (0.019 s)
Capturing...OK (0.003 s)
Refining by triangulation takes 0.059 s
-----------------------------------------------------------------------

-----------------------------------------------------------------------
Refining peculiar surfaces...
Refinement input: 8989 bricks
Setting regions...OK (0.002 s)
Refinement result: 9045 bricks (0.006 s)
Refinement input: 9045 bricks
Setting regions...OK (0.002 s)
Refinement result: 9101 bricks (0.004 s)
2 surfaces refined
Refining peculiar surfaces takes 0.018 s
-----------------------------------------------------------------------
Collecting and processing rays...OK (0.001 s)
Capturing...OK (0.001 s)
Collecting and processing rays...OK (0.001 s)
Capturing...OK (0.000 s)
Collecting and processing rays...OK (0.000 s)
Capturing...OK (0.000 s)

-----------------------------------------------------------------------
Base mesh 1 Refining...
Refinement input: 9101 bricks
Refinement result: 9101 bricks (0.001 s)
Collecting and processing rays...OK (0.001 s)
Capturing...OK (0.000 s)
-----------------------------------------------------------------------
Refining channels...
FYI: CNarrowChannelRefiner::RefineChannels_PRLL: m_submesh_count=12
Refinement input: 9101 bricks
Setting regions...OK (0.004 s)
	Re-balancing...
	Send and create bricks on destination sub meshes...
	Collecting ghosts...
	Balancing finished.
Refinement result: 14092 bricks (0.014 s)
Collecting and processing rays...OK (0.012 s)
Capturing...OK (0.001 s)
FYI: m_iteration_count = 0
FYI: level1 statistics:
     level1_cnt_plus[1]=5704;		level1_cnt_minus[1]=0
     level1_cnt_plus[2]=0;		level1_cnt_minus[2]=0
     level1_cnt_plus[3]=0;		level1_cnt_minus[3]=0
     level1_cnt_plus[4]=0;		level1_cnt_minus[4]=0
     level1_cnt_plus[5]=0;		level1_cnt_minus[5]=0
     level1_cnt_plus[6]=0;		level1_cnt_minus[6]=0
     level1_cnt_plus[7]=0;		level1_cnt_minus[7]=0
     level1_cnt_plus[8]=0;		level1_cnt_minus[8]=0
     level1_cnt_plus[9]=0;		level1_cnt_minus[9]=0
Refinement input: 14092 bricks
Setting regions...OK (0.003 s)
Refinement result: 14764 bricks (0.006 s)
Collecting and processing rays...OK (0.004 s)
Capturing...OK (0.001 s)
FYI: m_iteration_count = 1
FYI: level1 statistics:
     level1_cnt_plus[1]=6454;		level1_cnt_minus[1]=0
     level1_cnt_plus[2]=16;		level1_cnt_minus[2]=0
     level1_cnt_plus[3]=0;		level1_cnt_minus[3]=0
     level1_cnt_plus[4]=0;		level1_cnt_minus[4]=0
     level1_cnt_plus[5]=0;		level1_cnt_minus[5]=0
     level1_cnt_plus[6]=0;		level1_cnt_minus[6]=0
     level1_cnt_plus[7]=0;		level1_cnt_minus[7]=0
     level1_cnt_plus[8]=0;		level1_cnt_minus[8]=0
     level1_cnt_plus[9]=0;		level1_cnt_minus[9]=0
Refinement input: 14764 bricks
Setting regions...OK (0.002 s)
Refinement result: 14960 bricks (0.005 s)
Collecting and processing rays...OK (0.001 s)
Capturing...OK (0.000 s)
FYI: m_iteration_count = 2
FYI: level1 statistics:
     level1_cnt_plus[1]=6660;		level1_cnt_minus[1]=0
     level1_cnt_plus[2]=32;		level1_cnt_minus[2]=0
     level1_cnt_plus[3]=0;		level1_cnt_minus[3]=0
     level1_cnt_plus[4]=0;		level1_cnt_minus[4]=0
     level1_cnt_plus[5]=0;		level1_cnt_minus[5]=0
     level1_cnt_plus[6]=0;		level1_cnt_minus[6]=0
     level1_cnt_plus[7]=0;		level1_cnt_minus[7]=0
     level1_cnt_plus[8]=0;		level1_cnt_minus[8]=0
     level1_cnt_plus[9]=0;		level1_cnt_minus[9]=0
Refinement input: 14960 bricks
Setting regions...OK (0.003 s)
Refinement result: 14988 bricks (0.006 s)
Collecting and processing rays...OK (0.001 s)
Capturing...OK (0.000 s)
FYI: m_iteration_count = 3
FYI: level1 statistics:
     level1_cnt_plus[1]=6692;		level1_cnt_minus[1]=0
     level1_cnt_plus[2]=32;		level1_cnt_minus[2]=0
     level1_cnt_plus[3]=0;		level1_cnt_minus[3]=0
     level1_cnt_plus[4]=0;		level1_cnt_minus[4]=0
     level1_cnt_plus[5]=0;		level1_cnt_minus[5]=0
     level1_cnt_plus[6]=0;		level1_cnt_minus[6]=0
     level1_cnt_plus[7]=0;		level1_cnt_minus[7]=0
     level1_cnt_plus[8]=0;		level1_cnt_minus[8]=0
     level1_cnt_plus[9]=0;		level1_cnt_minus[9]=0
Refinement input: 14988 bricks
Setting regions...OK (0.002 s)
Refinement result: 15002 bricks (0.006 s)
Collecting and processing rays...OK (0.001 s)
Capturing...OK (0.000 s)
FYI: m_iteration_count = 4
FYI: level1 statistics:
     level1_cnt_plus[1]=6708;		level1_cnt_minus[1]=0
     level1_cnt_plus[2]=32;		level1_cnt_minus[2]=0
     level1_cnt_plus[3]=0;		level1_cnt_minus[3]=0
     level1_cnt_plus[4]=0;		level1_cnt_minus[4]=0
     level1_cnt_plus[5]=0;		level1_cnt_minus[5]=0
     level1_cnt_plus[6]=0;		level1_cnt_minus[6]=0
     level1_cnt_plus[7]=0;		level1_cnt_minus[7]=0
     level1_cnt_plus[8]=0;		level1_cnt_minus[8]=0
     level1_cnt_plus[9]=0;		level1_cnt_minus[9]=0
FYI: m_iteration_count = 5
FYI: level1 statistics:
     level1_cnt_plus[1]=6708;		level1_cnt_minus[1]=0
     level1_cnt_plus[2]=32;		level1_cnt_minus[2]=0
     level1_cnt_plus[3]=0;		level1_cnt_minus[3]=0
     level1_cnt_plus[4]=0;		level1_cnt_minus[4]=0
     level1_cnt_plus[5]=0;		level1_cnt_minus[5]=0
     level1_cnt_plus[6]=0;		level1_cnt_minus[6]=0
     level1_cnt_plus[7]=0;		level1_cnt_minus[7]=0
     level1_cnt_plus[8]=0;		level1_cnt_minus[8]=0
     level1_cnt_plus[9]=0;		level1_cnt_minus[9]=0
Refinement input: 15002 bricks
Setting regions...OK (0.006 s)
	Re-balancing...
	Send and create bricks on destination sub meshes...
	Collecting ghosts...
	Balancing finished.
Refinement result: 36709 bricks (0.038 s)
Collecting and processing rays...OK (0.029 s)
Capturing...OK (0.006 s)
FYI: m_iteration_count = 6
FYI: level1 statistics:
     level1_cnt_plus[1]=19600;		level1_cnt_minus[1]=0
     level1_cnt_plus[2]=10624;		level1_cnt_minus[2]=0
     level1_cnt_plus[3]=0;		level1_cnt_minus[3]=0
     level1_cnt_plus[4]=0;		level1_cnt_minus[4]=0
     level1_cnt_plus[5]=0;		level1_cnt_minus[5]=0
     level1_cnt_plus[6]=0;		level1_cnt_minus[6]=0
     level1_cnt_plus[7]=0;		level1_cnt_minus[7]=0
     level1_cnt_plus[8]=0;		level1_cnt_minus[8]=0
     level1_cnt_plus[9]=0;		level1_cnt_minus[9]=0
Refinement input: 36709 bricks
Setting regions...OK (0.004 s)
Refinement result: 36940 bricks (0.009 s)
Collecting and processing rays...OK (0.001 s)
Capturing...OK (0.000 s)
FYI: m_iteration_count = 7
FYI: level1 statistics:
     level1_cnt_plus[1]=19756;		level1_cnt_minus[1]=0
     level1_cnt_plus[2]=10720;		level1_cnt_minus[2]=0
     level1_cnt_plus[3]=0;		level1_cnt_minus[3]=0
     level1_cnt_plus[4]=0;		level1_cnt_minus[4]=0
     level1_cnt_plus[5]=0;		level1_cnt_minus[5]=0
     level1_cnt_plus[6]=0;		level1_cnt_minus[6]=0
     level1_cnt_plus[7]=0;		level1_cnt_minus[7]=0
     level1_cnt_plus[8]=0;		level1_cnt_minus[8]=0
     level1_cnt_plus[9]=0;		level1_cnt_minus[9]=0
FYI: m_iteration_count = 8
FYI: level1 statistics:
     level1_cnt_plus[1]=19756;		level1_cnt_minus[1]=0
     level1_cnt_plus[2]=10720;		level1_cnt_minus[2]=0
     level1_cnt_plus[3]=0;		level1_cnt_minus[3]=0
     level1_cnt_plus[4]=0;		level1_cnt_minus[4]=0
     level1_cnt_plus[5]=0;		level1_cnt_minus[5]=0
     level1_cnt_plus[6]=0;		level1_cnt_minus[6]=0
     level1_cnt_plus[7]=0;		level1_cnt_minus[7]=0
     level1_cnt_plus[8]=0;		level1_cnt_minus[8]=0
     level1_cnt_plus[9]=0;		level1_cnt_minus[9]=0
FYI: level1 statistics:
     level1_cnt_plus[1]=19756;		level1_cnt_minus[1]=0
     level1_cnt_plus[2]=10720;		level1_cnt_minus[2]=0
     level1_cnt_plus[3]=0;		level1_cnt_minus[3]=0
     level1_cnt_plus[4]=0;		level1_cnt_minus[4]=0
     level1_cnt_plus[5]=0;		level1_cnt_minus[5]=0
     level1_cnt_plus[6]=0;		level1_cnt_minus[6]=0
     level1_cnt_plus[7]=0;		level1_cnt_minus[7]=0
     level1_cnt_plus[8]=0;		level1_cnt_minus[8]=0
     level1_cnt_plus[9]=0;		level1_cnt_minus[9]=0
	CNarrowChannelRefiner::ChannelsResolution            function_total                0      = 0.485104 sec

-----------------------------------------------------------------------
U-shapes refinement...
Refinement input: 36940 bricks
Refinement result: 36940 bricks (0.004 s)
Collecting and processing rays...OK (0.001 s)
Capturing...OK (0.000 s)
-----------------------------------------------------------------------

-----------------------------------------------------------------------
Equi Distant Refiner:
Equi Distant Refiner takes 0.00 s
-----------------------------------------------------------------------
Building geometry takes 0.574 s
Geometry Fluid.0.
Total		36940
Partial	14496
Fluid		12556
Solid		9880
Bad		8

/-Ray Intersection---------------/ Time	0.067 s
Calls			6228
CorrectRay Calls	0


Building geometries takes 0.576 s
-----------------------------------------------------------------------

-----------------------------------------------------------------------
PostBuilding geometries:
PostBuilding geometries takes 0.001 s
-----------------------------------------------------------------------
Defect ray count	0
FYI: CNarrowChannelRefiner::RedistributeLevel1_step_1: is finished
FYI: level1 statistics:
     level1_cnt_plus[1]=3562;		level1_cnt_minus[1]=0
     level1_cnt_plus[2]=26914;		level1_cnt_minus[2]=0
     level1_cnt_plus[3]=0;		level1_cnt_minus[3]=0
     level1_cnt_plus[4]=0;		level1_cnt_minus[4]=0
     level1_cnt_plus[5]=0;		level1_cnt_minus[5]=0
     level1_cnt_plus[6]=0;		level1_cnt_minus[6]=0
     level1_cnt_plus[7]=0;		level1_cnt_minus[7]=0
     level1_cnt_plus[8]=0;		level1_cnt_minus[8]=0
     level1_cnt_plus[9]=0;		level1_cnt_minus[9]=0
FYI: CNarrowChannelRefiner::RedistributeLevel1_step_2: is started
FYI: CNarrowChannelRefiner::RedistributeLevel1_step_2: is finished
FYI: level1 statistics:
     level1_cnt_plus[1]=3966;		level1_cnt_minus[1]=0
     level1_cnt_plus[2]=30006;		level1_cnt_minus[2]=0
     level1_cnt_plus[3]=0;		level1_cnt_minus[3]=0
     level1_cnt_plus[4]=0;		level1_cnt_minus[4]=0
     level1_cnt_plus[5]=0;		level1_cnt_minus[5]=0
     level1_cnt_plus[6]=0;		level1_cnt_minus[6]=0
     level1_cnt_plus[7]=0;		level1_cnt_minus[7]=0
     level1_cnt_plus[8]=0;		level1_cnt_minus[8]=0
     level1_cnt_plus[9]=0;		level1_cnt_minus[9]=0
FYI: CNarrowChannelRefiner::RedistributeLevel1_step_3: is started
FYI: CNarrowChannelRefiner::RedistributeLevel1_step_3: is finished
RedistributeLevel1 takes:
	CNarrowChannelRefiner::RedistributeLevel1            function_total                0      = 0.188517 sec
FYI: level1 statistics:
     level1_cnt_plus[1]=3966;		level1_cnt_minus[1]=2
     level1_cnt_plus[2]=30006;		level1_cnt_minus[2]=82
     level1_cnt_plus[3]=0;		level1_cnt_minus[3]=0
     level1_cnt_plus[4]=0;		level1_cnt_minus[4]=0
     level1_cnt_plus[5]=0;		level1_cnt_minus[5]=0
     level1_cnt_plus[6]=0;		level1_cnt_minus[6]=0
     level1_cnt_plus[7]=0;		level1_cnt_minus[7]=0
     level1_cnt_plus[8]=0;		level1_cnt_minus[8]=0
     level1_cnt_plus[9]=0;		level1_cnt_minus[9]=0
-----------------------------------------------------------------------
BCF-Builder Iteration: 0
Memory Working Set Current = 58.66 Mb, Memory Working Set Peak = 80.64 Mb
Process Threads Number: 29
Loading geometries triangulation & x-stacks...OK
x-stacks size = 0.48 Mb
	Sub-mesh 0:
		Total  brick(s) 3498
		Native brick(s) 3073
		Inner  brick(s) 2699
		Outer  brick(s) 374
		Ghost  brick(s) 425
	Sub-mesh 1:
		Total  brick(s) 3779
		Native brick(s) 3066
		Inner  brick(s) 2311
		Outer  brick(s) 755
		Ghost  brick(s) 713
	Sub-mesh 2:
		Total  brick(s) 3712
		Native brick(s) 3059
		Inner  brick(s) 2370
		Outer  brick(s) 689
		Ghost  brick(s) 653
	Sub-mesh 3:
		Total  brick(s) 3878
		Native brick(s) 3059
		Inner  brick(s) 2262
		Outer  brick(s) 797
		Ghost  brick(s) 819
	Sub-mesh 4:
		Total  brick(s) 3808
		Native brick(s) 3059
		Inner  brick(s) 2280
		Outer  brick(s) 779
		Ghost  brick(s) 749
	Sub-mesh 5:
		Total  brick(s) 4160
		Native brick(s) 3136
		Inner  brick(s) 2233
		Outer  brick(s) 903
		Ghost  brick(s) 1024
	Sub-mesh 6:
		Total  brick(s) 4401
		Native brick(s) 3094
		Inner  brick(s) 1685
		Outer  brick(s) 1409
		Ghost  brick(s) 1307
	Sub-mesh 7:
		Total  brick(s) 4486
		Native brick(s) 3073
		Inner  brick(s) 1752
		Outer  brick(s) 1321
		Ghost  brick(s) 1413
	Sub-mesh 8:
		Total  brick(s) 4389
		Native brick(s) 3059
		Inner  brick(s) 1676
		Outer  brick(s) 1383
		Ghost  brick(s) 1330
	Sub-mesh 9:
		Total  brick(s) 4441
		Native brick(s) 3059
		Inner  brick(s) 1732
		Outer  brick(s) 1327
		Ghost  brick(s) 1382
	Sub-mesh 10:
		Total  brick(s) 4373
		Native brick(s) 3122
		Inner  brick(s) 1809
		Outer  brick(s) 1313
		Ghost  brick(s) 1251
	Sub-mesh 11:
		Total  brick(s) 3723
		Native brick(s) 3081
		Inner  brick(s) 2501
		Outer  brick(s) 580
		Ghost  brick(s) 642
	Total brick(s) 36940

-----------------------------------------------------------------------
MSH (Real Geometry) format constructor:
Getting submesh brick sets...OK (0.002 s)
Level 2
	Inner time 0.399 s
	Outer Time 0.290 s
	Level Time 0.689 s
Level 1
	Inner time 0.082 s
	Outer Time 0.047 s
	Level Time 0.129 s
Level 0
	Inner time 0.004 s
	Outer Time 0.009 s
	Level Time 0.013 s

Brick parser time info:
	3.349 s - time_Run
		0.091 s - time_ConstructPoints
			0.072 s - time_ConstructPointsAddFind2
		0.118 s - time_ConstructPointsAndConnectsFromNb
		0.050 s - time_AddRibConnects
		0.276 s - time_ConstructBrickFacets
			0.094 s - time_GetPointsFaceSegments
			0.072 s - time_CalculateQpoints
				0.016 s - time_AddFacetPoint_GetFacesQpoint
					0.000 s - time_GetFacesQpoint_UShaped
						0.000 s - time_GetFacesQpoint2
					0.000 s - time_GetFacesQpoint_AddEdgesToList
					0.016 s - time_Edge_GetClosestPointOn
					0.005 s - time_Edge_NewtonMethod
					0.000 s - time_GetFacesQpoint_ManyFinds
				0.037 s - time_AddFacetPoint_AddQPoint
					0.025 s - time_PointReverseEvaluate
				0.000 s - time_AddFacetPoint_AddFind2
		0.000 s - time_RemoveOddConnects
		0.080 s - time_TestConnectivity
		0.005 s - time_ValidateXeps
		0.147 s - time_ConstructFaceAs
		0.030 s - time_ConstructCvs
		0.026 s - time_ConstructFaceWs
		0.031 s - time_RealGeomAddQPoints
		0.035 s - time_RealGeomAddNewFaces
		0.000 s - time_RealGeomInitOppositeGeomFaceInd
		0.221 s - time_RealGeomApproxCurveFaces
		0.000 s - time_Enum1
		0.000 s - time_Enum2
		0.013 s - time_RealGeomCheckInvalidConnects
		2.071 s - time_RealGeomParameters
			1.526 s - time_CalculateParametersOfCv
			0.500 s - time_CalculateParametersOfFace
				0.208 s - time_CalculateRR
				0.270 s - time_CalculateRefFaceData
				0.001 s - time_CalculateLambdaProjection
			0.033 s - time_SetFacesOrientation
Result:
	Bricks number:                        36940

	Memory usage:                         7.545 MB
	Memory usage (per brick):             0.209 KB
	Construction time:                    0.915 s

	Topology features:
	------------------
	- High quality bricks                  99.99 % (36938)
	- Medium quality bricks                 0.01 % (2)
	- Bad quality bricks                    0.00 % (0)
	- Ribs corrected bricks                 0.00 % (0)
	- Points with geom-info (bricks)        0.02 % (7)
	- Points with closest-info (bricks)     0.00 % (0)
	- Triangulated by center (bricks)       0.01 % (3)
	- Facet w-faces mergings (bricks)       0.00 % (0)
	- To refine (bricks)                    0.00 % (0)

Memory Working Set Current = 89.47 Mb, Memory Working Set Peak = 110.03 Mb
Process Threads Number: 29
-----------------------------------------------------------------------
-----------------------------------------------------------------------
MSH --> BCF format (Iteration 0)...
BCF collector...(remove mode=0)
	(2) Bcf collect time 0.138 s (4922 avs, 1351 fws)
	(1) Bcf collect time 0.138 s (4982 avs, 1369 fws)
	(3) Bcf collect time 0.139 s (5149 avs, 1447 fws)
	(0) Bcf collect time 0.145 s (4857 avs, 1645 fws)
	(4) Bcf collect time 0.145 s (5128 avs, 1559 fws)
	(8) Bcf collect time 0.152 s (6214 avs, 2790 fws)
	(9) Bcf collect time 0.161 s (6350 avs, 3031 fws)
	(5) Bcf collect time 0.165 s (5758 avs, 2474 fws)
	(6) Bcf collect time 0.167 s (6224 avs, 2758 fws)
	(11) Bcf collect time 0.169 s (5282 avs, 2813 fws)
	(7) Bcf collect time 0.173 s (6373 avs, 2818 fws)
	(10) Bcf collect time 0.173 s (6311 avs, 3474 fws)
	(11) Remove defect avs time 0.025 s
	(9) Remove defect avs time 0.031 s
	(10) Remove defect avs time 0.031 s
	(0) Remove defect avs time 0.031 s
	(3) Remove defect avs time 0.031 s
	(7) Remove defect avs time 0.030 s
	(1) Remove defect avs time 0.031 s
	(8) Remove defect avs time 0.025 s
	(2) Remove defect avs time 0.031 s
	(6) Remove defect avs time 0.031 s
	(5) Remove defect avs time 0.031 s
	(4) Remove defect avs time 0.031 s
Defect subdomain detector...
		1 subdomain(s) of gi=0 (real bodies = 1).
			Subdomain 0: 27155 av
		Get real subdoms time 0.000 s
		Mark defect subdomains by closed av...
		Mark by closed av time 0.002 s
		Mark defect subdomains by real bodies...
		0 defect subdomain(s) of gi=0.
		2 subdomain(s) of gi=1 (real bodies = 0).
			Subdomain 0: 17786 av
			Subdomain 1: 6825 av
		Get real subdoms time 0.000 s
		0 defect subdomain(s) of gi=1.
	(7) Remove defect subdoms time 0.011 s
	(8) Remove defect subdoms time 0.009 s
	(0) Remove defect subdoms time 0.011 s
	(9) Remove defect subdoms time 0.011 s
	(6) Remove defect subdoms time 0.011 s
	(4) Remove defect subdoms time 0.011 s
	(1) Remove defect subdoms time 0.010 s
	(3) Remove defect subdoms time 0.011 s
	(5) Remove defect subdoms time 0.011 s
	(2) Remove defect subdoms time 0.011 s
	(11) Remove defect subdoms time 0.011 s
	(10) Remove defect subdoms time 0.011 s
NB-faces collector & conservator...
Sub-mesh 0.
	Conservated total=0 (bb-faces=0)
Sub-mesh 1.
	Conservated total=0 (bb-faces=0)
Sub-mesh 2.
	Conservated total=0 (bb-faces=0)
Sub-mesh 3.
	Conservated total=0 (bb-faces=0)
Sub-mesh 4.
	Conservated total=0 (bb-faces=0)
Sub-mesh 5.
	Conservated total=2 (bb-faces=0)
Sub-mesh 6.
	Conservated total=1 (bb-faces=0)
Sub-mesh 7.
	Conservated total=0 (bb-faces=0)
Sub-mesh 8.
	Conservated total=0 (bb-faces=0)
Sub-mesh 9.
	Conservated total=0 (bb-faces=0)
Sub-mesh 10.
	Conservated total=1 (bb-faces=0)
Sub-mesh 11.
	Conservated total=5 (bb-faces=0)
	(1) Bcf calc time 0.006 s
	(3) Bcf calc time 0.006 s
	(0) Bcf calc time 0.007 s
	(2) Bcf calc time 0.007 s
	(4) Bcf calc time 0.037 s
	(11) Bcf calc time 0.047 s
	(6) Bcf calc time 0.057 s
	(9) Bcf calc time 0.058 s
	(8) Bcf calc time 0.059 s
	(10) Bcf calc time 0.061 s
	(5) Bcf calc time 0.056 s
	(7) Bcf calc time 0.061 s
FACE_W optimizer ...
Sub-mesh 0.
	Before optimization total=3367 (fs=1645, ff=0, ss=0)
	After  optimization total=3367 (fs=1645, ff=0, ss=0)
Sub-mesh 1.
	Before optimization total=3201 (fs=1369, ff=0, ss=0)
	After  optimization total=3201 (fs=1369, ff=0, ss=0)
Sub-mesh 2.
	Before optimization total=3113 (fs=1351, ff=0, ss=0)
	After  optimization total=3113 (fs=1351, ff=0, ss=0)
Sub-mesh 3.
	Before optimization total=3431 (fs=1447, ff=0, ss=0)
	After  optimization total=3431 (fs=1447, ff=0, ss=0)
Sub-mesh 4.
	Before optimization total=3399 (fs=1559, ff=0, ss=0)
	After  optimization total=3395 (fs=1555, ff=0, ss=0)
Sub-mesh 5.
	Before optimization total=4675 (fs=2474, ff=0, ss=0)
	After  optimization total=4433 (fs=2232, ff=0, ss=0)
Sub-mesh 6.
	Before optimization total=5328 (fs=2758, ff=0, ss=0)
	After  optimization total=5001 (fs=2431, ff=0, ss=0)
Sub-mesh 7.
	Before optimization total=5615 (fs=2818, ff=0, ss=0)
	After  optimization total=5290 (fs=2493, ff=0, ss=0)
Sub-mesh 8.
	Before optimization total=5457 (fs=2790, ff=0, ss=0)
	After  optimization total=5073 (fs=2406, ff=0, ss=0)
Sub-mesh 9.
	Before optimization total=5764 (fs=3031, ff=0, ss=0)
	After  optimization total=5258 (fs=2525, ff=0, ss=0)
Sub-mesh 10.
	Before optimization total=5981 (fs=3474, ff=0, ss=0)
	After  optimization total=5198 (fs=2691, ff=0, ss=0)
Sub-mesh 11.
	Before optimization total=4412 (fs=2813, ff=0, ss=0)
	After  optimization total=3712 (fs=2113, ff=0, ss=0)
-----------------------------------------------------------------------
-----------------------------------------------------------------------
Merging BCF...
Merging bricks trees...OK (0.05 s)
Merging av data...OK (0.03 s)
Merging a-faces data (fluid)...
	New a-face count   74895
	Bound a-face count 3833 (5.12 %)
Merging a-faces data takes 0.02 s
Merging a-faces data (solid)...
	New a-face count   69362
	Bound a-face count 4551 (6.56 %)
Merging a-faces data takes 0.01 s
Merging w-faces data...
	New w-face count   24396
	Bound w-face count 0 (0.00 %)
	Need fw-nb         11196 (45.89 %)
Merging w-faces data takes 0.05 s
Merging BCF takes (0.19 s)
-----------------------------------------------------------------------

-----------------------------------------------------------------------
Geometrical diagonal nb-faces collector (cpu_num=12)...
	Time=0.037s.
-----------------------------------------------------------------------
Fluid Subdom Constructor: 1 subdom(s).
	Remove nb-fw from diff subdomains (fs)...
		Diff subdomains cases         0
-----------------------------------------------------------------------
Mega-cv constructor for fluid...
	 165 av's is treated as thin
Relative size generator (threshold = 0.05)...OK
	 1275 mega-cv's generated
	 8 mega-cv's removed
Convert clusters:
	 1267 mega-cv's total
Mega-cv count: 1267
-----------------------------------------------------------------------
Mixing plane rotation regions: NO.
Sliding mesh rotation regions: NO.
Fluid/fluid faces: NO.

-----------------------------------------------------------------------
BCF CHECKSUM DATA (Mesh 0):

FACE_A Area Sum:   G.Fluid        0.1095178029359442
FACE_A Area Sum:   G.Solid        0.1806843369522640
FACE_W Area Sum:                  0.0490567386780868
FACE_W Nb   Sum:                  184402
FACE_W min curvatures sum:        -139887.14962769
FACE_W max curvatures sum:        151654.39863587
AV Max Disbalance: G.Fluid        6.9801e-10 (cid=32104, avid=24325, pid=12186)
AV Max Disbalance: G.Solid        1.255e-10 (cid=12155, avid=34606, pid=4395)
-----------------------------------------------------------------------


-----------------------------------------------------------------------
MESHER TOPOLOGY DATA (Mesh 0):

BRICKS: Total                 36940
BRICKS: 1-CV                  22349
BRICKS: 2-CV                  14356
BRICKS: 3-CV                  235
BRICKS: Bad                   0

AV:     G.Total               51766
AV:     G.Fluid               27155
AV:     G.Solid               24611

AV:     G.Fluid Thin Profile    0.76 % (207)
AV:     G.Solid Thin Profile    0.11 % (28)

AV:     G.Fluid Thin For Mega   0.61 % (165)
AV:     G.Solid Thin For Mega   0.08 % (20)

AV:     G.Fluid Non-Convex      8.29 % (2250)
AV:     G.Solid Non-Convex     12.08 % (2973)

FACE_A: G.Fluid          (af) 74895 (partially opened 29549)
FACE_A: G.Solid          (as) 69362 (partially opened 29824)

FACE_W: G.Total                 24396       Brick/Bound
FACE_W: G.Fluid/Solid    (fs_g) 19010       0           
FACE_W: G.Fluid/Fluid    (ff_g) 0           0           
FACE_W: G.Solid/Solid    (ss_g) 0           0           
FACE_W: G.Fluid/External (fe_g) 0
FACE_W: G.Solid/External (se_g) 5386

AV/CV max fa count (on brick side):6
AV/CV max fw count:                6
AV/CV max fw poly count:           11

MEMORY: Total                   18.693 MB
MEMORY: Per Brick               0.518 KB
-----------------------------------------------------------------------

----------------------------------------------------------
BCF --> BCF.GEOMSUBDOM (bridge arrays) (cpu_num=12):
MESH (0):
	Fluid Subdom Constructor: 1 subdom(s).
	Solid Subdom Constructor: 2 subdom(s).
	Net Asm Subdom Constructor: 0 subdom(s).
	GEOMSUBDOM (0): gi=0 fluid av=27155 cv=25865 fa=74895 fw=19010 V=5.530257e-05
	GEOMSUBDOM (1): gi=1 solid av=17786 cv=17786 fa=49885 fw=18295 V=1.775633e-04
	GEOMSUBDOM (2): gi=1 solid av=6825 cv=6825 fa=19477 fw=6101 V=1.718598e-05
	Setting nb of w-faces...OK.

MESH (0) checking:
	GEOMSUBDOM (0):fa_s=0.1095178029359442 fw_s=0.0222710726335926 fw_nb=162234
	GEOMSUBDOM (1):fa_s=0.1508332119653000 fw_s=0.0434720427605944 fw_nb=129694
	GEOMSUBDOM (2):fa_s=0.0298511249869640 fw_s=0.0055846959174923 fw_nb=54708
MESH (0) checking: OK.
----------------------------------------------------------
-----------------------------------------------------------------------
Connectivities information:
	Number of conns: 0
-----------------------------------------------------------------------
-----------------------------------------------------------------------
Calculating curvature and tolerance criteria...
Curvature: min=0 max=2.0944
Tolerance: min=0 max=0.00137207
Calculating curvature and tolerance criteria takes 0.041 s
-----------------------------------------------------------------------
Current CPU = 2 sec

Nx=10
Ny=26
Nz=8
Max_RL=2
-----------------CModelBodies2MeshMapper::CollectData started -------------------------------
-----------------CModelBodies2MeshMapper Report -------------------------------
FluidDomains 1 SolidDomains 2 VoidDomains 0 
Domains RefIndexes
Domain 0, Index count 33
Domain 1, Index count 24
Domain 2, Index count 9
----------------- -------------------------------
	ModelBodies
Total resolved Bodies 0 BodySets 0

--------------------------------------------------------------------------
	Positive geometry Bodies
Total resolved Bodies 1 BodySets 1
BodySet 0
	Bodies list:
			#0	Name: ;	ID: 331e32db-bfcb-4b81-834e-daa4cd490abe
	Domains list:		 0 

--------------------------------------------------------------------------
	Fluid regions
Total resolved Bodies 1 BodySets 1
BodySet 0	Material: Air; 
	Bodies list:
			#0	Name: ;	ID: 331e32db-bfcb-4b81-834e-daa4cd490abe
	Domains list:		 0 

--------------------------------------------------------------------------
-----------------CModelBodies2MeshMapper::CollectData finished successfully-------------------
Saving initial mesh in: C:\Users\pjoyce\Documents\GitHub\Pulley-Z-axis\Simulations\4\4.fld .
Storing results...
Estimated CPT size=8.946 MB.
OK
Memory Working Set Current = 120.38 Mb, Memory Working Set Peak = 137.55 Mb
Process Threads Number: 29
Cleaning memory...
Free Geometry DB takes 0.000 s
Copying... OK

------------------------------------------------------------------------------------------------------------
CPU report:
Function                                             CPU           descriptor                    nproc     
------------------------------------------------------------------------------------------------------------
CCmnMesherData::GetGeometryFromDataBase              0.054 sec   function_total               
CCmnMesherData::GetGeometryFromDataBase              0.008 sec   InitGeometryTriangles        
CCptMesherData::PrepareMappedTriangles               0.020 sec   function_total               
CCmnMesherData::SwapGeometries                       0.000 sec   function_total               
CCptMesherData::PreBuild                             0.011 sec   function_total               
CCptMesherData::SetBrickRegion                       0.035 sec   function_total               
CCptMesherData::Build                                0.578 sec   function_total               
CCptMesherData::BuildGeometry                        0.575 sec   function_total               
CCmnMesherData::ActivateAllCellsParameters           0.002 sec   function_total               
CCptMesherData::RefineByTriangles                    0.058 sec   function_total               
CCmnMesherData::CaptureRefined                       0.087 sec   function_total               
CRayCollector::GetMultiRaysIntersections             0.016 sec   full                         
CRayCollector::CorrectRays2                          0.045 sec   full                         
CRayCollector::CorrectRays2                          0.010 sec   stage_1_collect_undefined_vertices1
CRayCollector::CorrectRays2                          0.017 sec   collect_bad_rays             
CRayCollector::CorrectRays2                          0.015 sec   stage2_correct_ray           
CCptMesherData::RefinePeculiarSurfaces               0.019 sec   function_total               
CNarrowChannelRefiner::ChannelsResolution            0.485 sec   function_total               
CNarrowChannelRefiner::RefineChannels_PRLL           0.484 sec   function_total               
CNarrowChannelRefiner::GetMainNormals                0.013 sec   function_total               
CNarrowChannelRefiner::GetMainNormals                0.010 sec   function_total               
CNarrowChannelRefiner::GetMainNormals                0.010 sec   function_total               
CNarrowChannelRefiner::GetMainNormals                0.011 sec   function_total               
CNarrowChannelRefiner::GetMainNormals                0.021 sec   function_total               
CNarrowChannelRefiner::GetMainNormals                0.034 sec   function_total               
CNarrowChannelRefiner::GetMainNormals                0.043 sec   function_total               
CNarrowChannelRefiner::GetMainNormals                0.051 sec   function_total               
CNarrowChannelRefiner::GetMainNormals                0.056 sec   function_total               
CNarrowChannelRefiner::GetMainNormals                0.059 sec   function_total               
CNarrowChannelRefiner::GetMainNormals                0.056 sec   function_total               
CNarrowChannelRefiner::GetMainNormals                0.041 sec   function_total               
CNarrowChannelRefiner::facade_bricks_of_brick_dirv   0.014 sec   function_total               
CNarrowChannelRefiner::facade_bricks_of_brick_dirv   0.012 sec   function_total               
CNarrowChannelRefiner::facade_bricks_of_brick_dirv   0.016 sec   function_total               
CNarrowChannelRefiner::facade_bricks_of_brick_dirv   0.012 sec   function_total               
CNarrowChannelRefiner::facade_bricks_of_brick_dirv   0.033 sec   function_total               
CNarrowChannelRefiner::facade_bricks_of_brick_dirv   0.057 sec   function_total               
CNarrowChannelRefiner::facade_bricks_of_brick_dirv   0.077 sec   function_total               
CNarrowChannelRefiner::facade_bricks_of_brick_dirv   0.109 sec   function_total               
CNarrowChannelRefiner::facade_bricks_of_brick_dirv   0.216 sec   function_total               
CNarrowChannelRefiner::facade_bricks_of_brick_dirv   0.165 sec   function_total               
CNarrowChannelRefiner::facade_bricks_of_brick_dirv   0.084 sec   function_total               
CNarrowChannelRefiner::facade_bricks_of_brick_dirv   0.050 sec   function_total               
CNarrowChannelRefiner::next_brick_on_ray             0.012 sec   function_total               
CNarrowChannelRefiner::next_brick_on_ray             0.009 sec   function_total               
CNarrowChannelRefiner::next_brick_on_ray             0.013 sec   function_total               
CNarrowChannelRefiner::next_brick_on_ray             0.010 sec   function_total               
CNarrowChannelRefiner::next_brick_on_ray             0.029 sec   function_total               
CNarrowChannelRefiner::next_brick_on_ray             0.053 sec   function_total               
CNarrowChannelRefiner::next_brick_on_ray             0.074 sec   function_total               
CNarrowChannelRefiner::next_brick_on_ray             0.105 sec   function_total               
CNarrowChannelRefiner::next_brick_on_ray             0.211 sec   function_total               
CNarrowChannelRefiner::next_brick_on_ray             0.161 sec   function_total               
CNarrowChannelRefiner::next_brick_on_ray             0.081 sec   function_total               
CNarrowChannelRefiner::next_brick_on_ray             0.048 sec   function_total               
CNarrowChannelRefiner::RefineChannels_PRLL           0.144 sec   NCR_execute_refinement       
CCptMesherData::BuildGeometry                        0.000 sec   equidistant_refiner          
CNarrowChannelRefiner::RedistributeLevel1            0.192 sec   function_total               
CTPBuilder::build_bcf                                1.626 sec   function_total               
CTPBuilder::bcf_builder                              1.484 sec   function_total               
CCmnMesherData::LoadTrianglesAndXSL                  0.000 sec   function_total               
CTPBuilder::collect_msh_format                       0.931 sec   function_total               
CTPBuilder::Run                                      0.280 sec   bcf_collect                  
CTPBuilder::Run                                      0.250 sec   bcf_merge                    
CTPBuilder::build_bcf                                0.050 sec   collect_mega_cv              
CTPBuilder::build_bcf                                0.072 sec   convert_to_mds_function      
CTPBuilder::build_bcf                                0.000 sec   sector_periodicity           
CCptMesherData::CalculateCurvatureAndToleranceCriteria 0.040 sec   function_total               
CCptMesherData::CreateMesh                           0.004 sec   bodies_2_mesh_mapper         
CCptMesherData::StoreCptFile                         0.507 sec   function_total               
CCptMesherData::FreeMesherData                       0.063 sec   function_total               
------------------------------------------------------------------------------------------------------------

Mesh generation normally finished at	11.9.2024	16:4:12
Mesher CPU = 3 sec
Mesher is finished at	11.9.2024	16:4:12
Algebra Pool      : mem_usage = 1.25 Mb, allocated count = 0
Log ended at 11.9.2024	16:4:12
