Number of used processors (NPROC): 8.
Number of mesh partitions (NPART): 8.
Total Physical Memory = 15.96 Gb, Available Physical Memory = 8.89 Gb
Mesh generation started:	31.5.2019	19:53:5
-----------------------------------------------------------------------
Allocating meshes:
	CPU count: 8
	MESH 0:
		Sub-meshes count: 8
-----------------------------------------------------------------------
Current CPU = 0 sec
-----------------------------------------------------------------------
Geometries initialization:

Geometry database loading ...OK
-----------------------------------------------------------------------
Loading mesh settings (global/local)...
-----------------------------------------------------------------------
Number of geometries: 6
Geometry(0):
	Fluid..
	2 Bodies.
	1 Real body.
	Tolerance=1.26108e-005.
	394 Face(s).
		394 of b-spline type.
	52492 Triangle(s).
	394 Face(s) that have no ref faces
	199 Plane surface(s).
	137 Cylinder surface(s).
	18 Cone surface(s).
	6 Torus surface(s).
	12 B- surface(s).
	20 Blending surface(s).
	2 Extrude surface(s).
	918 Edge(s).
		918 of b-spline type.
	Geometry reading: 0.050 s.
	394 Reference Face(s).
	52492 Reference Triangles.
	GeometryRef reading: 0.038 s.
Geometry(1):
	Solid.Aluminum 6061.
	1 Body.
	4 Real bodies.
	Tolerance=1.26108e-005.
	136 Face(s).
		136 of b-spline type.
	13562 Triangle(s).
	23 Face(s) that have no ref faces
	76 Plane surface(s).
	44 Cylinder surface(s).
	3 Cone surface(s).
	12 B- surface(s).
	1 Extrude surface(s).
	213 Edge(s).
		213 of b-spline type.
	Geometry reading: 0.010 s.
	136 Reference Face(s).
	13934 Reference Triangles.
	GeometryRef reading: 0.010 s.
Geometry(2):
	Solid.Alumina (96%).
	1 Body.
	1 Real body.
	Tolerance=1.26108e-005.
	9 Face(s).
		9 of b-spline type.
	208 Triangle(s).
	0 Face(s) that have no ref faces
	8 Plane surface(s).
	1 Cylinder surface(s).
	14 Edge(s).
		14 of b-spline type.
	Geometry reading: 0.264 s.
	4 Reference Face(s).
	286 Reference Triangles.
	GeometryRef reading: 0.024 s.
Geometry(3):
	Solid..
	1 Body.
	1 Real body.
	Tolerance=1.26108e-005.
	24 Face(s).
		24 of b-spline type.
	906 Triangle(s).
	0 Face(s) that have no ref faces
	17 Plane surface(s).
	4 Cylinder surface(s).
	3 Cone surface(s).
	41 Edge(s).
		41 of b-spline type.
	Geometry reading: 0.002 s.
	22 Reference Face(s).
	1141 Reference Triangles.
	GeometryRef reading: 0.001 s.
Geometry(4):
	Solid.Steel Stainless 302.
	1 Body.
	1 Real body.
	Tolerance=1.26108e-005.
	20 Face(s).
		20 of b-spline type.
	1408 Triangle(s).
	0 Face(s) that have no ref faces
	11 Plane surface(s).
	6 Cylinder surface(s).
	3 Cone surface(s).
	26 Edge(s).
		26 of b-spline type.
	Geometry reading: 0.002 s.
	18 Reference Face(s).
	1767 Reference Triangles.
	GeometryRef reading: 0.001 s.
Geometry(5):
	Solid.Plexiglass.
	1 Body.
	2 Real bodies.
	Tolerance=1.26108e-005.
	262 Face(s).
		262 of b-spline type.
	37896 Triangle(s).
	0 Face(s) that have no ref faces
	120 Plane surface(s).
	95 Cylinder surface(s).
	12 Cone surface(s).
	6 Torus surface(s).
	8 B- surface(s).
	20 Blending surface(s).
	1 Extrude surface(s).
	705 Edge(s).
		705 of b-spline type.
	Geometry reading: 0.035 s.
	263 Reference Face(s).
	38152 Reference Triangles.
	GeometryRef reading: 0.019 s.
	Making hash and connectivity for geometry 0...
		CBodyGeom:
		Hash size: {54, 32, 56}.
		Mesh size: {27, 32, 28}.
		Hashing triangles...Ok.
		Making triangles connectivity...	Making hash and connectivity for geometry 3...
		CBodyGeom:
		Hash size: {27, 32, 28}.
		Mesh size: {27, 32, 28}.
		Hashing triangles...Ok.
		Making triangles connectivity...Ok. (0.017 s).
		Neighbour triangles: 100.00 % (good connect) - 0.00 % (bad connect). Min: 3. Max: 3.
		Done.
		CBodyGeomRef:
		Hashing triangles...Ok.
		Making triangles connectivity...Ok. (0.001 s).
		Neighbour triangles: Min: 1. Max: 2.
		Done.
	0.018 s.
Ok. (0.354 s).
		Neighbour triangles: 100.00 % (good connect) - 0.00 % (bad connect). Min: 3. Max: 3.
		Done.
		CBodyGeomRef:
		Hashing triangles...Ok.
		Making triangles connectivity...Ok. (0.357 s).
		Neighbour triangles: Min: 0. Max: 3.
		Done.
	0.475 s.
	Making hash and connectivity for geometry 1...
		CBodyGeom:
		Hash size: {27, 32, 28}.
		Mesh size: {27, 32, 28}.
		Hashing triangles...Ok.
		Making triangles connectivity...Ok. (0.281 s).
		Neighbour triangles: 100.00 % (good connect) - 0.00 % (bad connect). Min: 3. Max: 3.
		Done.
		CBodyGeomRef:
		Hashing triangles...Ok.
		Making triangles connectivity...Ok. (0.061 s).
		Neighbour triangles: Min: 0. Max: 3.
		Done.
	0.301 s.
	Making hash and connectivity for geometry 2...
		CBodyGeom:
		Hash size: {27, 32, 28}.
		Mesh size: {27, 32, 28}.
		Hashing triangles...Ok.
		Making triangles connectivity...Ok. (0.002 s).
		Neighbour triangles: 100.00 % (good connect) - 0.00 % (bad connect). Min: 3. Max: 3.
		Done.
		CBodyGeomRef:
		Hashing triangles...Ok.
		Making triangles connectivity...Ok. (0.001 s).
		Neighbour triangles: Min: 1. Max: 2.
		Done.
	0.006 s.
	Making hash and connectivity for geometry 4...
		CBodyGeom:
		Hash size: {27, 32, 28}.
		Mesh size: {27, 32, 28}.
		Hashing triangles...Ok.
		Making triangles connectivity...Ok. (0.014 s).
		Neighbour triangles: 100.00 % (good connect) - 0.00 % (bad connect). Min: 3. Max: 3.
		Done.
		CBodyGeomRef:
		Hashing triangles...Ok.
		Making triangles connectivity...Ok. (0.002 s).
		Neighbour triangles: Min: 2. Max: 2.
		Done.
	0.016 s.
	Making hash and connectivity for geometry 5...
		CBodyGeom:
		Hash size: {54, 32, 28}.
		Mesh size: {27, 32, 28}.
		Hashing triangles...Ok.
		Making triangles connectivity...Ok. (0.302 s).
		Neighbour triangles: 100.00 % (good connect) - 0.00 % (bad connect). Min: 3. Max: 3.
		Done.
		CBodyGeomRef:
		Hashing triangles...Ok.
		Making triangles connectivity...Ok. (0.260 s).
		Neighbour triangles: Min: 1. Max: 3.
		Done.
	0.320 s.
Geometries reading and preparing has taken 0.962 s.

Mapped triangles:
Hashing mesh regions data
	Triangles num=1344
	Triangles box={-0.01005  ,0.00403564  ,-0.0196  ,0.0571691  ,-0.009  ,0.011  }
		3d-hash size is 109332 bytes
		rays hash size is 90352 bytes
Hashing geometries triangles
	Triangles num=52492
	Triangles box={-0.0254998  ,0.025  ,-0.0196  ,0.0745247  ,-0.035  ,0.032  }
		3d-hash size is 510192 bytes
		Making triangles connectivity...Ok. (0.138 s).
		Neighbour triangles: 100.00 % (good connect) - 0.00 % (bad connect). Min: 3. Max: 3.
	Triangles num=13562
	Triangles box={-0.254689  ,0.0529544  ,-0.248856  ,0.125836  ,-0.157731  ,0.14919  }
		3d-hash size is 220736 bytes
		Making triangles connectivity...Ok. (0.151 s).
		Neighbour triangles: 100.00 % (good connect) - 0.00 % (bad connect). Min: 3. Max: 3.
	Triangles num=208
	Triangles box={-0.254689  ,0.0529544  ,-0.248856  ,0.125836  ,-0.157731  ,0.14919  }
		3d-hash size is 99440 bytes
		Making triangles connectivity...Ok. (0.001 s).
		Neighbour triangles: 100.00 % (good connect) - 0.00 % (bad connect). Min: 3. Max: 3.
	Triangles num=906
	Triangles box={-0.254689  ,0.0529544  ,-0.248856  ,0.125836  ,-0.157731  ,0.14919  }
		3d-hash size is 103204 bytes
		Making triangles connectivity...Ok. (0.012 s).
		Neighbour triangles: 100.00 % (good connect) - 0.00 % (bad connect). Min: 3. Max: 3.
	Triangles num=1408
	Triangles box={-0.254689  ,0.0529544  ,-0.248856  ,0.125836  ,-0.157731  ,0.14919  }
		3d-hash size is 105488 bytes
		Making triangles connectivity...Ok. (0.012 s).
		Neighbour triangles: 100.00 % (good connect) - 0.00 % (bad connect). Min: 3. Max: 3.
	Triangles num=37896
	Triangles box={-0.254689  ,0.0529544  ,-0.248856  ,0.125836  ,-0.157731  ,0.14919  }
		3d-hash size is 389620 bytes
		Making triangles connectivity...Ok. (0.284 s).
		Neighbour triangles: 100.00 % (good connect) - 0.00 % (bad connect). Min: 3. Max: 3.
Hashing peculiar surfaces triangles
	Triangles num=10
	Triangles box={0.00625758  ,0.0244778  ,-0.000626282  ,-0.000626282  ,-0.0344778  ,-0.0197722  }
		3d-hash size is 96952 bytes
	Triangles num=88
	Triangles box={0.0243379  ,0.0243379  ,0.000433142  ,0.0395663  ,-0.0195656  ,0.0195656  }
		3d-hash size is 99388 bytes
Mapped triangles processed in 0.739 s.
-----------------------------------------------------------------------

Current CPU = 2 sec
Flow Simulation 2017  x64 / 3675 / MESHER ver. efd_16_0.3632_07.09.2016 

Project: C:\Users\Elizabeth\Documents\GitHub\Pulley-Z-axis\2\2.xmlconfig
Computer name:	ELIZABETH-DESKT
Operating system:	Windows 10 (or higher) (Version 10.0.17134)

SOLIDWORKS 2017 SP1.0

-----------------------------------------------------------------------
Mesh dimensions:
				I[0 ]=27
				I[1 ]=32
				I[2 ]=28
Solver refinement level	I[47]=3

Comp. domain size:
				a[0  ]=-0.254382
				a[1  ]=0.0526474
				a[2  ]=-0.248482
				a[3  ]=0.125462
				a[4  ]=-0.157425
				a[5  ]=0.148884
Wall thickness		a[231]=0
Gap size			a[232]=1

Fluid calculated			1
Solid calculated			1
-----------------------------------------------------------------------
MESH: distribute base bricks among sub-meshes...
	Base bricks count               24192
	Sub-meshes  count               8
	Base bricks count per sub-mesh  3024 (+0)
	Sub-mesh 0: 3024 base brick(s), range [0, 26]-[0, 3]-[0, 27]
	Sub-mesh 1: 3024 base brick(s), range [0, 26]-[4, 7]-[0, 27]
	Sub-mesh 2: 3024 base brick(s), range [0, 26]-[8, 11]-[0, 27]
	Sub-mesh 3: 3024 base brick(s), range [0, 26]-[12, 15]-[0, 27]
	Sub-mesh 4: 3024 base brick(s), range [0, 26]-[16, 19]-[0, 27]
	Sub-mesh 5: 3024 base brick(s), range [0, 26]-[20, 23]-[0, 27]
	Sub-mesh 6: 3024 base brick(s), range [0, 26]-[24, 27]-[0, 27]
	Sub-mesh 7: 3024 base brick(s), range [0, 26]-[28, 31]-[0, 27]
-----------------------------------------------------------------------
-----------------------------------------------------------------------
MESH: collecting ghosts in sub-meshes...
	Sub-mesh 0:
		Total  brick(s) 3780
		Native brick(s) 3024
		Inner  brick(s) 2268
		Outer  brick(s) 756
		Ghost  brick(s) 756
	Sub-mesh 1:
		Total  brick(s) 4536
		Native brick(s) 3024
		Inner  brick(s) 1512
		Outer  brick(s) 1512
		Ghost  brick(s) 1512
	Sub-mesh 2:
		Total  brick(s) 4536
		Native brick(s) 3024
		Inner  brick(s) 1512
		Outer  brick(s) 1512
		Ghost  brick(s) 1512
	Sub-mesh 3:
		Total  brick(s) 4536
		Native brick(s) 3024
		Inner  brick(s) 1512
		Outer  brick(s) 1512
		Ghost  brick(s) 1512
	Sub-mesh 4:
		Total  brick(s) 4536
		Native brick(s) 3024
		Inner  brick(s) 1512
		Outer  brick(s) 1512
		Ghost  brick(s) 1512
	Sub-mesh 5:
		Total  brick(s) 4536
		Native brick(s) 3024
		Inner  brick(s) 1512
		Outer  brick(s) 1512
		Ghost  brick(s) 1512
	Sub-mesh 6:
		Total  brick(s) 4536
		Native brick(s) 3024
		Inner  brick(s) 1512
		Outer  brick(s) 1512
		Ghost  brick(s) 1512
	Sub-mesh 7:
		Total  brick(s) 3780
		Native brick(s) 3024
		Inner  brick(s) 2268
		Outer  brick(s) 756
		Ghost  brick(s) 756
	Total brick(s) 24192
-----------------------------------------------------------------------
Setting regions...OK (0.004 s)
Base mesh info------------------
	2D flag  =0
	Period   =[0, 0, 0]
	Nx=27
		x[0]=-0.254382
		x[1]=-0.215451
		x[2]=-0.182492
		x[3]=-0.154579
		x[4]=-0.13094
		x[5]=-0.110919
		x[6]=-0.093964
		x[7]=-0.0796045
		x[8]=-0.0674435
		x[9]=-0.0571442
		x[10]=-0.0484218
		x[11]=-0.0410348
		x[12]=-0.0347787
		x[13]=-0.0294804
		x[14]=-0.0249932
		x[15]=-0.0200407
		x[16]=-0.0150883
		x[17]=-0.0101359
		x[18]=-0.00518352
		x[19]=-0.000231124
		x[20]=0.00472127
		x[21]=0.00967367
		x[22]=0.0146261
		x[23]=0.0195785
		x[24]=0.0245309
		x[25]=0.0283297
		x[26]=0.0362294
		x[27]=0.0526474
	Ny=32
		y[0]=-0.248482
		y[1]=-0.203837
		y[2]=-0.167011
		y[3]=-0.136624
		y[4]=-0.11155
		y[5]=-0.0908613
		y[6]=-0.0737898
		y[7]=-0.0597034
		y[8]=-0.0480801
		y[9]=-0.0384892
		y[10]=-0.0305754
		y[11]=-0.0240454
		y[12]=-0.0186572
		y[13]=-0.0128917
		y[14]=-0.00712618
		y[15]=-0.00136071
		y[16]=0.00440476
		y[17]=0.0101702
		y[18]=0.0159357
		y[19]=0.0217012
		y[20]=0.0274667
		y[21]=0.0332321
		y[22]=0.0389976
		y[23]=0.0447631
		y[24]=0.0505286
		y[25]=0.056294
		y[26]=0.0620595
		y[27]=0.067825
		y[28]=0.0735904
		y[29]=0.0786511
		y[30]=0.0871565
		y[31]=0.101449
		y[32]=0.125462
	Nz=28
		z[0]=-0.157425
		z[1]=-0.125063
		z[2]=-0.10017
		z[3]=-0.0810151
		z[4]=-0.0662765
		z[5]=-0.0549358
		z[6]=-0.0462096
		z[7]=-0.0394952
		z[8]=-0.0343288
		z[9]=-0.0288571
		z[10]=-0.0233854
		z[11]=-0.0179137
		z[12]=-0.0124421
		z[13]=-0.00697041
		z[14]=-0.00149874
		z[15]=0.00397293
		z[16]=0.00944459
		z[17]=0.0149163
		z[18]=0.0203879
		z[19]=0.0258596
		z[20]=0.0313313
		z[21]=0.0363282
		z[22]=0.0428056
		z[23]=0.0512015
		z[24]=0.0620841
		z[25]=0.07619
		z[26]=0.0944738
		z[27]=0.118173
		z[28]=0.148884
End of base mesh info---------
Input_mesh_settings--------------------------------
Settings 0----------------
	Scope: GLOBAL
	Type:	------MESHER_SETTINGS----------
	RefAllCells           =0
	RefFluidCells         =0
	RefPartCells          =0
	RefSolidCells         =0
	l_SSFR(Capture crit)  =2
	l_curv(Curvature crit)=0
	l_tol(Tolerance crit) =2
	  k_tol               =0.00015632
	UseChannelRef         =1
	  NCR_method          =0
	  l_NCR               =2
	  N_gap               =7
	  Use d_NCR_min       =0
	  Use d_NCR_max       =0
	IgnoreThinChannelsHeight         =0
	--END_OF_MESHER_SETTINGS-------
Settings 1----------------
	Scope: VOLUME
	Type:	------MESHER_SETTINGS----------
	RefAllCells           =0
	RefFluidCells         =0
	RefPartCells          =1
	  l_ref_part          =2
	RefSolidCells         =1
	  l_ref_solid         =4
	l_SSFR(Capture crit)  =2
	l_curv(Curvature crit)=0
	l_tol(Tolerance crit) =2
	  k_tol               =0.00015632
	UseChannelRef         =1
	  NCR_method          =0
	  l_NCR               =2
	  N_gap               =7
	  Use d_NCR_min       =0
	  Use d_NCR_max       =0
	IgnoreThinChannelsHeight         =0
	--END_OF_MESHER_SETTINGS-------
End of input mesh settings-------------------------

-----------------------------------------------------------------------
Building geometries:
Building geometry Fluid.0.(0)...
Collecting and processing rays...OK (0.101 s)
Capturing...OK (0.005 s)

-----------------------------------------------------------------------
Base mesh 1 Refining...
Refinement input: 24192 bricks
Setting regions...OK (0.003 s)
Refinement result: 24570 bricks (0.010 s)
Collecting and processing rays...OK (0.037 s)
Capturing...OK (0.001 s)
-----------------------------------------------------------------------

-----------------------------------------------------------------------
Base mesh 1 Refining...
Refinement input: 24570 bricks
Setting regions...OK (0.004 s)
	Re-balancing...
	Send and create bricks on destination sub meshes...
	Collecting ghosts...
	Balancing finished.
Refinement result: 26243 bricks (0.023 s)
Collecting and processing rays...OK (0.052 s)
Capturing...OK (0.003 s)
-----------------------------------------------------------------------

-----------------------------------------------------------------------
Base mesh 1 Refining...
Refinement input: 26243 bricks
Refinement result: 26243 bricks (0.003 s)
Collecting and processing rays...OK (0.007 s)
Capturing...OK (0.001 s)
-----------------------------------------------------------------------

-----------------------------------------------------------------------
Refining by triangulation...
Refinement input: 26243 bricks
Setting regions...OK (0.005 s)
	Re-balancing...
	Send and create bricks on destination sub meshes...
	Collecting ghosts...
	Balancing finished.
Setting regions...OK (0.010 s)
	Re-balancing...
	Send and create bricks on destination sub meshes...
	Collecting ghosts...
	Balancing finished.
Setting regions...OK (0.010 s)
Refinement result: 53550 bricks (0.437 s)
Refinement input: 53550 bricks
Refinement result: 53550 bricks (0.013 s)
Collecting and processing rays...OK (0.213 s)
Capturing...OK (0.012 s)
Refining by triangulation takes 0.677 s
-----------------------------------------------------------------------

-----------------------------------------------------------------------
Refining peculiar surfaces...
0 surfaces refined
Refining peculiar surfaces takes 0.01 s
-----------------------------------------------------------------------
Collecting and processing rays...OK (0.023 s)
Capturing...OK (0.001 s)
Collecting and processing rays...OK (0.021 s)
Capturing...OK (0.001 s)
Collecting and processing rays...OK (0.019 s)
Capturing...OK (0.001 s)

-----------------------------------------------------------------------
Base mesh 1 Refining...
Refinement input: 53550 bricks
Refinement result: 53550 bricks (0.007 s)
Collecting and processing rays...OK (0.020 s)
Capturing...OK (0.001 s)
-----------------------------------------------------------------------
Refining channels...
FYI: CNarrowChannelRefiner::RefineChannels_PRLL: m_submesh_count=8
Refinement input: 53550 bricks
Setting regions...OK (0.008 s)
Refinement result: 59934 bricks (0.027 s)
Collecting and processing rays...OK (0.053 s)
Capturing...OK (0.006 s)
FYI: m_iteration_count = 0
FYI: level1 statistics:
     level1_cnt_plus[1]=7296;		level1_cnt_minus[1]=0
     level1_cnt_plus[2]=529;		level1_cnt_minus[2]=0
     level1_cnt_plus[3]=0;		level1_cnt_minus[3]=0
     level1_cnt_plus[4]=0;		level1_cnt_minus[4]=0
     level1_cnt_plus[5]=0;		level1_cnt_minus[5]=0
     level1_cnt_plus[6]=0;		level1_cnt_minus[6]=0
     level1_cnt_plus[7]=0;		level1_cnt_minus[7]=0
     level1_cnt_plus[8]=0;		level1_cnt_minus[8]=0
     level1_cnt_plus[9]=0;		level1_cnt_minus[9]=0
Refinement input: 59934 bricks
Setting regions...OK (0.008 s)
Refinement result: 60543 bricks (0.025 s)
Collecting and processing rays...OK (0.025 s)
Capturing...OK (0.002 s)
FYI: m_iteration_count = 1
FYI: level1 statistics:
     level1_cnt_plus[1]=7992;		level1_cnt_minus[1]=0
     level1_cnt_plus[2]=529;		level1_cnt_minus[2]=0
     level1_cnt_plus[3]=0;		level1_cnt_minus[3]=0
     level1_cnt_plus[4]=0;		level1_cnt_minus[4]=0
     level1_cnt_plus[5]=0;		level1_cnt_minus[5]=0
     level1_cnt_plus[6]=0;		level1_cnt_minus[6]=0
     level1_cnt_plus[7]=0;		level1_cnt_minus[7]=0
     level1_cnt_plus[8]=0;		level1_cnt_minus[8]=0
     level1_cnt_plus[9]=0;		level1_cnt_minus[9]=0
Refinement input: 60543 bricks
Setting regions...OK (0.008 s)
Refinement result: 60634 bricks (0.024 s)
Collecting and processing rays...OK (0.022 s)
Capturing...OK (0.002 s)
FYI: m_iteration_count = 2
FYI: level1 statistics:
     level1_cnt_plus[1]=8096;		level1_cnt_minus[1]=0
     level1_cnt_plus[2]=529;		level1_cnt_minus[2]=0
     level1_cnt_plus[3]=0;		level1_cnt_minus[3]=0
     level1_cnt_plus[4]=0;		level1_cnt_minus[4]=0
     level1_cnt_plus[5]=0;		level1_cnt_minus[5]=0
     level1_cnt_plus[6]=0;		level1_cnt_minus[6]=0
     level1_cnt_plus[7]=0;		level1_cnt_minus[7]=0
     level1_cnt_plus[8]=0;		level1_cnt_minus[8]=0
     level1_cnt_plus[9]=0;		level1_cnt_minus[9]=0
Refinement input: 60634 bricks
Setting regions...OK (0.008 s)
Refinement result: 60648 bricks (0.025 s)
Collecting and processing rays...OK (0.023 s)
Capturing...OK (0.002 s)
FYI: m_iteration_count = 3
FYI: level1 statistics:
     level1_cnt_plus[1]=8112;		level1_cnt_minus[1]=0
     level1_cnt_plus[2]=529;		level1_cnt_minus[2]=0
     level1_cnt_plus[3]=0;		level1_cnt_minus[3]=0
     level1_cnt_plus[4]=0;		level1_cnt_minus[4]=0
     level1_cnt_plus[5]=0;		level1_cnt_minus[5]=0
     level1_cnt_plus[6]=0;		level1_cnt_minus[6]=0
     level1_cnt_plus[7]=0;		level1_cnt_minus[7]=0
     level1_cnt_plus[8]=0;		level1_cnt_minus[8]=0
     level1_cnt_plus[9]=0;		level1_cnt_minus[9]=0
Refinement input: 60648 bricks
Setting regions...OK (0.008 s)
Refinement result: 60655 bricks (0.025 s)
Collecting and processing rays...OK (0.026 s)
Capturing...OK (0.001 s)
FYI: m_iteration_count = 4
FYI: level1 statistics:
     level1_cnt_plus[1]=8120;		level1_cnt_minus[1]=0
     level1_cnt_plus[2]=529;		level1_cnt_minus[2]=0
     level1_cnt_plus[3]=0;		level1_cnt_minus[3]=0
     level1_cnt_plus[4]=0;		level1_cnt_minus[4]=0
     level1_cnt_plus[5]=0;		level1_cnt_minus[5]=0
     level1_cnt_plus[6]=0;		level1_cnt_minus[6]=0
     level1_cnt_plus[7]=0;		level1_cnt_minus[7]=0
     level1_cnt_plus[8]=0;		level1_cnt_minus[8]=0
     level1_cnt_plus[9]=0;		level1_cnt_minus[9]=0
FYI: m_iteration_count = 5
FYI: level1 statistics:
     level1_cnt_plus[1]=8120;		level1_cnt_minus[1]=0
     level1_cnt_plus[2]=529;		level1_cnt_minus[2]=0
     level1_cnt_plus[3]=0;		level1_cnt_minus[3]=0
     level1_cnt_plus[4]=0;		level1_cnt_minus[4]=0
     level1_cnt_plus[5]=0;		level1_cnt_minus[5]=0
     level1_cnt_plus[6]=0;		level1_cnt_minus[6]=0
     level1_cnt_plus[7]=0;		level1_cnt_minus[7]=0
     level1_cnt_plus[8]=0;		level1_cnt_minus[8]=0
     level1_cnt_plus[9]=0;		level1_cnt_minus[9]=0
Refinement input: 60655 bricks
Setting regions...OK (0.012 s)
	Re-balancing...
	Send and create bricks on destination sub meshes...
	Collecting ghosts...
	Balancing finished.
Refinement result: 80563 bricks (0.083 s)
Collecting and processing rays...OK (0.109 s)
Capturing...OK (0.013 s)
FYI: m_iteration_count = 6
FYI: level1 statistics:
     level1_cnt_plus[1]=25463;		level1_cnt_minus[1]=0
     level1_cnt_plus[2]=5337;		level1_cnt_minus[2]=0
     level1_cnt_plus[3]=0;		level1_cnt_minus[3]=0
     level1_cnt_plus[4]=0;		level1_cnt_minus[4]=0
     level1_cnt_plus[5]=0;		level1_cnt_minus[5]=0
     level1_cnt_plus[6]=0;		level1_cnt_minus[6]=0
     level1_cnt_plus[7]=0;		level1_cnt_minus[7]=0
     level1_cnt_plus[8]=0;		level1_cnt_minus[8]=0
     level1_cnt_plus[9]=0;		level1_cnt_minus[9]=0
Refinement input: 80563 bricks
Setting regions...OK (0.010 s)
Refinement result: 80955 bricks (0.029 s)
Collecting and processing rays...OK (0.030 s)
Capturing...OK (0.002 s)
FYI: m_iteration_count = 7
FYI: level1 statistics:
     level1_cnt_plus[1]=25857;		level1_cnt_minus[1]=0
     level1_cnt_plus[2]=5385;		level1_cnt_minus[2]=0
     level1_cnt_plus[3]=0;		level1_cnt_minus[3]=0
     level1_cnt_plus[4]=0;		level1_cnt_minus[4]=0
     level1_cnt_plus[5]=0;		level1_cnt_minus[5]=0
     level1_cnt_plus[6]=0;		level1_cnt_minus[6]=0
     level1_cnt_plus[7]=0;		level1_cnt_minus[7]=0
     level1_cnt_plus[8]=0;		level1_cnt_minus[8]=0
     level1_cnt_plus[9]=0;		level1_cnt_minus[9]=0
Refinement input: 80955 bricks
Setting regions...OK (0.010 s)
Refinement result: 81018 bricks (0.029 s)
Collecting and processing rays...OK (0.030 s)
Capturing...OK (0.002 s)
FYI: m_iteration_count = 8
FYI: level1 statistics:
     level1_cnt_plus[1]=25929;		level1_cnt_minus[1]=0
     level1_cnt_plus[2]=5385;		level1_cnt_minus[2]=0
     level1_cnt_plus[3]=0;		level1_cnt_minus[3]=0
     level1_cnt_plus[4]=0;		level1_cnt_minus[4]=0
     level1_cnt_plus[5]=0;		level1_cnt_minus[5]=0
     level1_cnt_plus[6]=0;		level1_cnt_minus[6]=0
     level1_cnt_plus[7]=0;		level1_cnt_minus[7]=0
     level1_cnt_plus[8]=0;		level1_cnt_minus[8]=0
     level1_cnt_plus[9]=0;		level1_cnt_minus[9]=0
Refinement input: 81018 bricks
Setting regions...OK (0.010 s)
Refinement result: 81032 bricks (0.032 s)
Collecting and processing rays...OK (0.030 s)
Capturing...OK (0.002 s)
FYI: m_iteration_count = 9
FYI: level1 statistics:
     level1_cnt_plus[1]=25945;		level1_cnt_minus[1]=0
     level1_cnt_plus[2]=5385;		level1_cnt_minus[2]=0
     level1_cnt_plus[3]=0;		level1_cnt_minus[3]=0
     level1_cnt_plus[4]=0;		level1_cnt_minus[4]=0
     level1_cnt_plus[5]=0;		level1_cnt_minus[5]=0
     level1_cnt_plus[6]=0;		level1_cnt_minus[6]=0
     level1_cnt_plus[7]=0;		level1_cnt_minus[7]=0
     level1_cnt_plus[8]=0;		level1_cnt_minus[8]=0
     level1_cnt_plus[9]=0;		level1_cnt_minus[9]=0
FYI: m_iteration_count = 10
FYI: level1 statistics:
     level1_cnt_plus[1]=25945;		level1_cnt_minus[1]=0
     level1_cnt_plus[2]=5385;		level1_cnt_minus[2]=0
     level1_cnt_plus[3]=0;		level1_cnt_minus[3]=0
     level1_cnt_plus[4]=0;		level1_cnt_minus[4]=0
     level1_cnt_plus[5]=0;		level1_cnt_minus[5]=0
     level1_cnt_plus[6]=0;		level1_cnt_minus[6]=0
     level1_cnt_plus[7]=0;		level1_cnt_minus[7]=0
     level1_cnt_plus[8]=0;		level1_cnt_minus[8]=0
     level1_cnt_plus[9]=0;		level1_cnt_minus[9]=0
FYI: level1 statistics:
     level1_cnt_plus[1]=25945;		level1_cnt_minus[1]=0
     level1_cnt_plus[2]=5385;		level1_cnt_minus[2]=0
     level1_cnt_plus[3]=0;		level1_cnt_minus[3]=0
     level1_cnt_plus[4]=0;		level1_cnt_minus[4]=0
     level1_cnt_plus[5]=0;		level1_cnt_minus[5]=0
     level1_cnt_plus[6]=0;		level1_cnt_minus[6]=0
     level1_cnt_plus[7]=0;		level1_cnt_minus[7]=0
     level1_cnt_plus[8]=0;		level1_cnt_minus[8]=0
     level1_cnt_plus[9]=0;		level1_cnt_minus[9]=0
	CNarrowChannelRefiner::ChannelsResolution            function_total                0      = 1.95744 sec

-----------------------------------------------------------------------
U-shapes refinement...
Refinement input: 81032 bricks
Setting regions...OK (0.012 s)
Setting regions...OK (0.011 s)
Refinement result: 81088 bricks (0.098 s)
Collecting and processing rays...OK (0.036 s)
Capturing...OK (0.002 s)
-----------------------------------------------------------------------

-----------------------------------------------------------------------
Equi Distant Refiner:
Equi Distant Refiner takes 0.00 s
-----------------------------------------------------------------------
Building geometry takes 3.134 s
Geometry Fluid.0.
Total		81088
Partial	21733
Fluid		50252
Solid		8887
Bad		216

/-Ray Intersection---------------/ Time	0.382 s
Calls			10425
CorrectRay Calls	0


Building geometry Solid.1.Aluminum 6061(1)...
Collecting and processing rays...OK (0.446 s)
Capturing...OK (0.019 s)

-----------------------------------------------------------------------
Base mesh 1 Refining...
Refinement input: 81088 bricks
Setting regions...OK (0.013 s)
Refinement result: 84994 bricks (0.046 s)
Collecting and processing rays...OK (0.065 s)
Capturing...OK (0.006 s)
-----------------------------------------------------------------------

-----------------------------------------------------------------------
Base mesh 1 Refining...
Refinement input: 84994 bricks
Setting regions...OK (0.021 s)
	Re-balancing...
	Send and create bricks on destination sub meshes...
	Collecting ghosts...
	Balancing finished.
Refinement result: 97853 bricks (0.119 s)
Collecting and processing rays...OK (0.114 s)
Capturing...OK (0.014 s)
-----------------------------------------------------------------------

-----------------------------------------------------------------------
Base mesh 1 Refining...
Refinement input: 97853 bricks
Setting regions...OK (0.018 s)
	Re-balancing...
	Send and create bricks on destination sub meshes...
	Collecting ghosts...
	Balancing finished.
Refinement result: 104594 bricks (0.123 s)
Collecting and processing rays...OK (0.081 s)
Capturing...OK (0.008 s)
-----------------------------------------------------------------------

-----------------------------------------------------------------------
Base mesh 1 Refining...
Refinement input: 104594 bricks
Refinement result: 104594 bricks (0.010 s)
Collecting and processing rays...OK (0.037 s)
Capturing...OK (0.002 s)
-----------------------------------------------------------------------

-----------------------------------------------------------------------
Refining by triangulation...
Refinement input: 104594 bricks
Refinement result: 104594 bricks (0.019 s)
Refinement input: 104594 bricks
Refinement result: 104594 bricks (0.019 s)
Collecting and processing rays...OK (0.037 s)
Capturing...OK (0.003 s)
Refining by triangulation takes 0.081 s
-----------------------------------------------------------------------
Collecting and processing rays...OK (0.038 s)
Capturing...OK (0.002 s)
Collecting and processing rays...OK (0.039 s)
Capturing...OK (0.003 s)

-----------------------------------------------------------------------
Base mesh 1 Refining...
Refinement input: 104594 bricks
Refinement result: 104594 bricks (0.015 s)
Collecting and processing rays...OK (0.038 s)
Capturing...OK (0.003 s)
-----------------------------------------------------------------------
Building geometry takes 1.38 s
Geometry Solid.1.Aluminum 6061
Total		104594
Partial	16302
Fluid		7633
Solid		80647
Bad		12

/-Ray Intersection---------------/ Time	0.451 s
Calls			15579
CorrectRay Calls	0


Building geometry Solid.2.Alumina (96%)(2)...
Collecting and processing rays...OK (0.382 s)
Capturing...OK (0.027 s)

-----------------------------------------------------------------------
Base mesh 1 Refining...
Refinement input: 104594 bricks
Setting regions...OK (0.021 s)
	Re-balancing...
	Send and create bricks on destination sub meshes...
	Collecting ghosts...
	Balancing finished.
Refinement result: 111727 bricks (0.144 s)
Collecting and processing rays...OK (0.072 s)
Capturing...OK (0.009 s)
-----------------------------------------------------------------------

-----------------------------------------------------------------------
Base mesh 1 Refining...
Refinement input: 111727 bricks
Setting regions...OK (0.019 s)
Refinement result: 116872 bricks (0.077 s)
Collecting and processing rays...OK (0.063 s)
Capturing...OK (0.007 s)
-----------------------------------------------------------------------

-----------------------------------------------------------------------
Base mesh 1 Refining...
Refinement input: 116872 bricks
Refinement result: 116872 bricks (0.019 s)
Collecting and processing rays...OK (0.042 s)
Capturing...OK (0.003 s)
-----------------------------------------------------------------------

-----------------------------------------------------------------------
Refining by triangulation...
Refinement input: 116872 bricks
Refinement result: 116872 bricks (0.018 s)
Refinement input: 116872 bricks
Refinement result: 116872 bricks (0.022 s)
Collecting and processing rays...OK (0.040 s)
Capturing...OK (0.002 s)
Refining by triangulation takes 0.085 s
-----------------------------------------------------------------------
Collecting and processing rays...OK (0.041 s)
Capturing...OK (0.002 s)
Collecting and processing rays...OK (0.041 s)
Capturing...OK (0.003 s)

-----------------------------------------------------------------------
Base mesh 1 Refining...
Refinement input: 116872 bricks
Refinement result: 116872 bricks (0.015 s)
Collecting and processing rays...OK (0.041 s)
Capturing...OK (0.002 s)
-----------------------------------------------------------------------
Building geometry takes 1.139 s
Geometry Solid.2.Alumina (96%)
Total		116872
Partial	4696
Fluid		12768
Solid		99408
Bad		0

/-Ray Intersection---------------/ Time	0.067 s
Calls			16163
CorrectRay Calls	0


Building geometry Solid.3.(3)...
Collecting and processing rays...OK (0.539 s)
Capturing...OK (0.023 s)

-----------------------------------------------------------------------
Base mesh 1 Refining...
Refinement input: 116872 bricks
Setting regions...OK (0.020 s)
	Re-balancing...
	Send and create bricks on destination sub meshes...
	Collecting ghosts...
	Balancing finished.
Refinement result: 121205 bricks (0.131 s)
Collecting and processing rays...OK (0.063 s)
Capturing...OK (0.006 s)
-----------------------------------------------------------------------

-----------------------------------------------------------------------
Base mesh 1 Refining...
Refinement input: 121205 bricks
Setting regions...OK (0.023 s)
	Re-balancing...
	Send and create bricks on destination sub meshes...
	Collecting ghosts...
	Balancing finished.
Refinement result: 126273 bricks (0.137 s)
Collecting and processing rays...OK (0.064 s)
Capturing...OK (0.007 s)
-----------------------------------------------------------------------

-----------------------------------------------------------------------
Base mesh 1 Refining...
Refinement input: 126273 bricks
Refinement result: 126273 bricks (0.011 s)
Collecting and processing rays...OK (0.044 s)
Capturing...OK (0.003 s)
-----------------------------------------------------------------------

-----------------------------------------------------------------------
Refining by triangulation...
Refinement input: 126273 bricks
Refinement result: 126273 bricks (0.015 s)
Refinement input: 126273 bricks
Refinement result: 126273 bricks (0.015 s)
Collecting and processing rays...OK (0.044 s)
Capturing...OK (0.002 s)
Refining by triangulation takes 0.08 s
-----------------------------------------------------------------------
Collecting and processing rays...OK (0.045 s)
Capturing...OK (0.003 s)
Collecting and processing rays...OK (0.043 s)
Capturing...OK (0.003 s)

-----------------------------------------------------------------------
Base mesh 1 Refining...
Refinement input: 126273 bricks
Refinement result: 126273 bricks (0.016 s)
Collecting and processing rays...OK (0.044 s)
Capturing...OK (0.003 s)
-----------------------------------------------------------------------
Building geometry takes 1.318 s
Geometry Solid.3.
Total		126273
Partial	4208
Fluid		6098
Solid		115967
Bad		0

/-Ray Intersection---------------/ Time	0.068 s
Calls			16918
CorrectRay Calls	0


Building geometry Solid.4.Steel Stainless 302(4)...
Collecting and processing rays...OK (0.589 s)
Capturing...OK (0.026 s)

-----------------------------------------------------------------------
Base mesh 1 Refining...
Refinement input: 126273 bricks
Setting regions...OK (0.028 s)
	Re-balancing...
	Send and create bricks on destination sub meshes...
	Collecting ghosts...
	Balancing finished.
Refinement result: 134491 bricks (0.138 s)
Collecting and processing rays...OK (0.076 s)
Capturing...OK (0.008 s)
-----------------------------------------------------------------------

-----------------------------------------------------------------------
Base mesh 1 Refining...
Refinement input: 134491 bricks
Setting regions...OK (0.022 s)
Refinement result: 137536 bricks (0.063 s)
Collecting and processing rays...OK (0.058 s)
Capturing...OK (0.006 s)
-----------------------------------------------------------------------

-----------------------------------------------------------------------
Base mesh 1 Refining...
Refinement input: 137536 bricks
Refinement result: 137536 bricks (0.020 s)
Collecting and processing rays...OK (0.048 s)
Capturing...OK (0.003 s)
-----------------------------------------------------------------------

-----------------------------------------------------------------------
Refining by triangulation...
Refinement input: 137536 bricks
Refinement result: 137536 bricks (0.016 s)
Refinement input: 137536 bricks
Refinement result: 137536 bricks (0.018 s)
Collecting and processing rays...OK (0.048 s)
Capturing...OK (0.003 s)
Refining by triangulation takes 0.088 s
-----------------------------------------------------------------------
Collecting and processing rays...OK (0.048 s)
Capturing...OK (0.003 s)
Collecting and processing rays...OK (0.048 s)
Capturing...OK (0.003 s)

-----------------------------------------------------------------------
Base mesh 1 Refining...
Refinement input: 137536 bricks
Refinement result: 137536 bricks (0.015 s)
Collecting and processing rays...OK (0.049 s)
Capturing...OK (0.003 s)
-----------------------------------------------------------------------
Building geometry takes 1.349 s
Geometry Solid.4.Steel Stainless 302
Total		137536
Partial	7502
Fluid		10638
Solid		119396
Bad		0

/-Ray Intersection---------------/ Time	0.136 s
Calls			16958
CorrectRay Calls	0


Building geometry Solid.5.Plexiglass(5)...
Collecting and processing rays...OK (0.684 s)
Capturing...OK (0.032 s)

-----------------------------------------------------------------------
Base mesh 1 Refining...
Refinement input: 137536 bricks
Setting regions...OK (0.021 s)
Refinement result: 139636 bricks (0.061 s)
Collecting and processing rays...OK (0.068 s)
Capturing...OK (0.004 s)
-----------------------------------------------------------------------

-----------------------------------------------------------------------
Base mesh 1 Refining...
Refinement input: 139636 bricks
Setting regions...OK (0.022 s)
	Re-balancing...
	Send and create bricks on destination sub meshes...
	Collecting ghosts...
	Balancing finished.
Refinement result: 146629 bricks (0.162 s)
Collecting and processing rays...OK (0.093 s)
Capturing...OK (0.010 s)
-----------------------------------------------------------------------

-----------------------------------------------------------------------
Base mesh 1 Refining...
Refinement input: 146629 bricks
Refinement result: 146629 bricks (0.013 s)
Collecting and processing rays...OK (0.050 s)
Capturing...OK (0.003 s)
-----------------------------------------------------------------------

-----------------------------------------------------------------------
Refining by triangulation...
Refinement input: 146629 bricks
Refinement result: 146629 bricks (0.019 s)
Refinement input: 146629 bricks
Refinement result: 146629 bricks (0.019 s)
Collecting and processing rays...OK (0.050 s)
Capturing...OK (0.003 s)
Refining by triangulation takes 0.095 s
-----------------------------------------------------------------------
Collecting and processing rays...OK (0.050 s)
Capturing...OK (0.003 s)
Collecting and processing rays...OK (0.051 s)
Capturing...OK (0.003 s)

-----------------------------------------------------------------------
Base mesh 1 Refining...
Refinement input: 146629 bricks
Refinement result: 146629 bricks (0.016 s)
Collecting and processing rays...OK (0.050 s)
Capturing...OK (0.003 s)
-----------------------------------------------------------------------
Building geometry takes 1.536 s
Geometry Solid.5.Plexiglass
Total		146629
Partial	20141
Fluid		9351
Solid		117015
Bad		122

/-Ray Intersection---------------/ Time	0.631 s
Calls			19260
CorrectRay Calls	0


Building geometries takes 9.873 s
-----------------------------------------------------------------------

-----------------------------------------------------------------------
PostBuilding geometries:
PostBuilding geometry Fluid.0.(0)...
Collecting and processing rays...OK (0.326 s)
Capturing...OK (0.023 s)
PostBuilding geometry takes 0.446 s
Geometry Fluid.0.
Total		146629
Partial	32178
Fluid		57890
Solid		56178
Bad		383

/-Ray Intersection---------------/ Time	0.404 s
Calls			8835
CorrectRay Calls	0


PostBuilding geometry Solid.1.Aluminum 6061(1)...
Collecting and processing rays...OK (0.212 s)
Capturing...OK (0.015 s)
PostBuilding geometry takes 0.318 s
Geometry Solid.1.Aluminum 6061
Total		146629
Partial	16769
Fluid		7850
Solid		121998
Bad		12

/-Ray Intersection---------------/ Time	0.114 s
Calls			3681
CorrectRay Calls	0


PostBuilding geometry Solid.2.Alumina (96%)(2)...
Collecting and processing rays...OK (0.148 s)
Capturing...OK (0.010 s)
PostBuilding geometry takes 0.214 s
Geometry Solid.2.Alumina (96%)
Total		146629
Partial	4696
Fluid		12768
Solid		129165
Bad		0

/-Ray Intersection---------------/ Time	0.003 s
Calls			3097
CorrectRay Calls	0


PostBuilding geometry Solid.3.(3)...
Collecting and processing rays...OK (0.117 s)
Capturing...OK (0.010 s)
PostBuilding geometry takes 0.163 s
Geometry Solid.3.
Total		146629
Partial	4208
Fluid		6098
Solid		136323
Bad		0

/-Ray Intersection---------------/ Time	0.002 s
Calls			2342
CorrectRay Calls	0


PostBuilding geometry Solid.4.Steel Stainless 302(4)...
Collecting and processing rays...OK (0.082 s)
Capturing...OK (0.008 s)
PostBuilding geometry takes 0.128 s
Geometry Solid.4.Steel Stainless 302
Total		146629
Partial	7502
Fluid		10638
Solid		128489
Bad		0

/-Ray Intersection---------------/ Time	0.003 s
Calls			2302
CorrectRay Calls	0


PostBuilding geometries takes 1.351 s
-----------------------------------------------------------------------
Defect ray count	0
FYI: CNarrowChannelRefiner::RedistributeLevel1_step_1: is finished
FYI: level1 statistics:
     level1_cnt_plus[1]=6385;		level1_cnt_minus[1]=0
     level1_cnt_plus[2]=24354;		level1_cnt_minus[2]=0
     level1_cnt_plus[3]=0;		level1_cnt_minus[3]=0
     level1_cnt_plus[4]=51257;		level1_cnt_minus[4]=0
     level1_cnt_plus[5]=0;		level1_cnt_minus[5]=0
     level1_cnt_plus[6]=0;		level1_cnt_minus[6]=0
     level1_cnt_plus[7]=0;		level1_cnt_minus[7]=0
     level1_cnt_plus[8]=0;		level1_cnt_minus[8]=0
     level1_cnt_plus[9]=0;		level1_cnt_minus[9]=0
FYI: CNarrowChannelRefiner::RedistributeLevel1_step_2: is started
FYI: CNarrowChannelRefiner::RedistributeLevel1_step_2: is finished
FYI: level1 statistics:
     level1_cnt_plus[1]=7537;		level1_cnt_minus[1]=0
     level1_cnt_plus[2]=34580;		level1_cnt_minus[2]=0
     level1_cnt_plus[3]=2867;		level1_cnt_minus[3]=0
     level1_cnt_plus[4]=54862;		level1_cnt_minus[4]=0
     level1_cnt_plus[5]=0;		level1_cnt_minus[5]=0
     level1_cnt_plus[6]=0;		level1_cnt_minus[6]=0
     level1_cnt_plus[7]=0;		level1_cnt_minus[7]=0
     level1_cnt_plus[8]=0;		level1_cnt_minus[8]=0
     level1_cnt_plus[9]=0;		level1_cnt_minus[9]=0
FYI: CNarrowChannelRefiner::RedistributeLevel1_step_3: is started
FYI: CNarrowChannelRefiner::RedistributeLevel1_step_3: is finished
RedistributeLevel1 takes:
	CNarrowChannelRefiner::RedistributeLevel1            function_total                0      = 0.789737 sec
FYI: level1 statistics:
     level1_cnt_plus[1]=7537;		level1_cnt_minus[1]=7351
     level1_cnt_plus[2]=34580;		level1_cnt_minus[2]=4001
     level1_cnt_plus[3]=2867;		level1_cnt_minus[3]=549
     level1_cnt_plus[4]=54862;		level1_cnt_minus[4]=1258
     level1_cnt_plus[5]=0;		level1_cnt_minus[5]=0
     level1_cnt_plus[6]=0;		level1_cnt_minus[6]=0
     level1_cnt_plus[7]=0;		level1_cnt_minus[7]=0
     level1_cnt_plus[8]=0;		level1_cnt_minus[8]=0
     level1_cnt_plus[9]=0;		level1_cnt_minus[9]=0
-----------------------------------------------------------------------
BCF-Builder Iteration: 0
Memory Working Set Current = 189.18 Mb, Memory Working Set Peak = 245.39 Mb
Loading geometries triangulation & x-stacks...OK
	Sub-mesh 0:
		Total  brick(s) 21384
		Native brick(s) 18328
		Inner  brick(s) 15976
		Outer  brick(s) 2352
		Ghost  brick(s) 3056
	Sub-mesh 1:
		Total  brick(s) 24060
		Native brick(s) 18328
		Inner  brick(s) 12744
		Outer  brick(s) 5584
		Ghost  brick(s) 5732
	Sub-mesh 2:
		Total  brick(s) 24672
		Native brick(s) 18328
		Inner  brick(s) 12684
		Outer  brick(s) 5644
		Ghost  brick(s) 6344
	Sub-mesh 3:
		Total  brick(s) 23249
		Native brick(s) 18328
		Inner  brick(s) 13527
		Outer  brick(s) 4801
		Ghost  brick(s) 4921
	Sub-mesh 4:
		Total  brick(s) 22049
		Native brick(s) 18328
		Inner  brick(s) 15171
		Outer  brick(s) 3157
		Ghost  brick(s) 3721
	Sub-mesh 5:
		Total  brick(s) 21623
		Native brick(s) 18328
		Inner  brick(s) 14906
		Outer  brick(s) 3422
		Ghost  brick(s) 3295
	Sub-mesh 6:
		Total  brick(s) 22189
		Native brick(s) 18328
		Inner  brick(s) 14810
		Outer  brick(s) 3518
		Ghost  brick(s) 3861
	Sub-mesh 7:
		Total  brick(s) 20271
		Native brick(s) 18333
		Inner  brick(s) 16269
		Outer  brick(s) 2064
		Ghost  brick(s) 1938
	Total brick(s) 146629

-----------------------------------------------------------------------
MSH (Real Geometry) format constructor:
Getting submesh brick sets...OK (0.007 s)
Level 4
	Inner time 0.652 s
	Outer Time 0.200 s
	Level Time 0.852 s
Level 3
	Inner time 0.106 s
	Outer Time 0.136 s
	Level Time 0.242 s
Level 2
	Inner time 0.912 s
	Outer Time 0.359 s
	Level Time 1.271 s
Level 1
	Inner time 0.108 s
	Outer Time 0.124 s
	Level Time 0.232 s
Level 0
	Inner time 0.030 s
	Outer Time 0.033 s
	Level Time 0.063 s

Brick parser time info:
	13.707 s - time_Run
		0.568 s - time_ConstructPoints
			0.438 s - time_ConstructPointsAddFind2
		0.436 s - time_ConstructPointsAndConnectsFromNb
		0.160 s - time_AddRibConnects
		2.334 s - time_ConstructBrickFacets
			0.603 s - time_CalculateQpoints
				0.172 s - time_AddFacetPoint_GetFacesQpoint
					0.003 s - time_GetFacesQpoint_UShaped
						0.003 s - time_GetFacesQpoint2
					0.006 s - time_GetFacesQpoint_AddEdgesToList
					0.155 s - time_Edge_GetClosestPointOn
					0.035 s - time_Edge_NewtonMethod
					0.000 s - time_GetFacesQpoint_ManyFinds
				0.210 s - time_AddFacetPoint_AddQPoint
					0.432 s - time_PointReverseEvaluate
				0.171 s - time_AddFacetPoint_AddFind2
		0.000 s - time_RemoveOddConnects
		0.264 s - time_TestConnectivity
		0.009 s - time_ValidateXeps
		0.483 s - time_ConstructFaceAs
		0.079 s - time_ConstructCvs
		0.069 s - time_ConstructFaceWs
		0.667 s - time_RealGeomAddQPoints
		0.132 s - time_RealGeomAddNewFaces
		0.018 s - time_RealGeomInitOppositeGeomFaceInd
		0.495 s - time_RealGeomApproxCurveFaces
		0.000 s - time_Enum1
		0.000 s - time_Enum2
		0.016 s - time_RealGeomCheckInvalidConnects
		6.075 s - time_RealGeomParameters
			4.238 s - time_CalculateParametersOfCv
			1.699 s - time_CalculateParametersOfFace
				0.617 s - time_CalculateRR
				1.044 s - time_CalculateRefFaceData
				0.017 s - time_CalculateLambdaProjection
			0.118 s - time_SetFacesOrientation
Result:
	Bricks number:                        146629

	Memory usage:                         24.205 MB
	Memory usage (per brick):             0.169 KB
	Construction time:                    2.799 s

	Topology features:
	------------------
	- High quality bricks                  99.85 % (146403)
	- Medium quality bricks                 0.15 % (226)
	- Bad quality bricks                    0.00 % (0)
	- Ribs corrected bricks                 0.42 % (610)
	- Points with geom-info (bricks)        0.24 % (354)
	- Points with closest-info (bricks)     0.00 % (0)
	- Triangulated by center (bricks)       0.18 % (269)
	- Facet w-faces mergings (bricks)       0.00 % (0)
	- To refine (bricks)                    0.00 % (0)

Memory Working Set Current = 289.22 Mb, Memory Working Set Peak = 289.49 Mb
-----------------------------------------------------------------------
-----------------------------------------------------------------------
MSH --> BCF format (Iteration 0)...
BCF collector...
	(7) Bcf collect time 0.441 s (24160 avs, 6138 fws)
	(0) Bcf collect time 0.477 s (25627 avs, 6292 fws)
	(2) Bcf collect time 0.477 s (32495 avs, 10768 fws)
	(1) Bcf collect time 0.480 s (30617 avs, 9396 fws)
	(4) Bcf collect time 0.488 s (30675 avs, 13518 fws)
	(3) Bcf collect time 0.491 s (32071 avs, 13182 fws)
	(6) Bcf collect time 0.499 s (29396 avs, 10878 fws)
	(5) Bcf collect time 0.512 s (30610 avs, 14985 fws)
	(7) Remove defect avs time 0.099 s
	(4) Remove defect avs time 0.099 s
	(2) Remove defect avs time 0.099 s
	(3) Remove defect avs time 0.099 s
	(5) Remove defect avs time 0.099 s
	(0) Remove defect avs time 0.099 s
	(1) Remove defect avs time 0.100 s
	(6) Remove defect avs time 0.102 s
Defect subdomain detector...
		1 subdomain(s) of gi=0 (real bodies = 1).
			Subdomain 0: 92282 av
		Get real subdoms time 0.000 s
		Mark defect subdomains by closed av...
		Mark by closed av time 0.005 s
		Mark defect subdomains by real bodies...
		0 defect subdomain(s) of gi=0.
		4 subdomain(s) of gi=1 (real bodies = 4).
			Subdomain 0: 11166 av
			Subdomain 1: 13232 av
			Subdomain 2: 894 av
			Subdomain 3: 18 av
		Get real subdoms time 0.000 s
		Mark defect subdomains by real bodies...
		0 defect subdomain(s) of gi=1.
		1 subdomain(s) of gi=2 (real bodies = 1).
			Subdomain 0: 17464 av
		Get real subdoms time 0.000 s
		Mark defect subdomains by real bodies...
		0 defect subdomain(s) of gi=2.
		1 subdomain(s) of gi=3 (real bodies = 1).
			Subdomain 0: 10307 av
		Get real subdoms time 0.000 s
		Mark defect subdomains by real bodies...
		0 defect subdomain(s) of gi=3.
		1 subdomain(s) of gi=4 (real bodies = 1).
			Subdomain 0: 18145 av
		Get real subdoms time 0.000 s
		Mark defect subdomains by real bodies...
		0 defect subdomain(s) of gi=4.
		2 subdomain(s) of gi=5 (real bodies = 2).
			Subdomain 0: 22982 av
			Subdomain 1: 7173 av
		Get real subdoms time 0.000 s
		Mark defect subdomains by real bodies...
		0 defect subdomain(s) of gi=5.
	(0) Remove defect subdoms time 0.069 s
	(2) Remove defect subdoms time 0.069 s
	(1) Remove defect subdoms time 0.069 s
	(3) Remove defect subdoms time 0.069 s
	(5) Remove defect subdoms time 0.069 s
	(4) Remove defect subdoms time 0.069 s
	(7) Remove defect subdoms time 0.069 s
	(6) Remove defect subdoms time 0.069 s
NB-faces collector & conservator...
Sub-mesh 0.
	Conservated total=6 (bb-faces=0)
Sub-mesh 1.
	Conservated total=19 (bb-faces=0)
Sub-mesh 2.
	Conservated total=24 (bb-faces=0)
Sub-mesh 3.
	Conservated total=16 (bb-faces=0)
Sub-mesh 4.
	Conservated total=40 (bb-faces=0)
Sub-mesh 5.
	Conservated total=119 (bb-faces=0)
Sub-mesh 6.
	Conservated total=41 (bb-faces=0)
Sub-mesh 7.
	Conservated total=2 (bb-faces=0)
	(7) Bcf calc time 0.128 s
	(0) Bcf calc time 0.146 s
	(6) Bcf calc time 0.212 s
	(1) Bcf calc time 0.215 s
	(2) Bcf calc time 0.252 s
	(4) Bcf calc time 0.253 s
	(3) Bcf calc time 0.270 s
	(5) Bcf calc time 0.281 s
FACE_W optimizer ...
Sub-mesh 0.
	Before optimization total=12906 (fs=5424, ff=0, ss=868)
	After  optimization total=12508 (fs=5085, ff=0, ss=809)
Sub-mesh 1.
	Before optimization total=18094 (fs=6239, ff=0, ss=3157)
	After  optimization total=17569 (fs=5714, ff=0, ss=3157)
Sub-mesh 2.
	Before optimization total=20326 (fs=6597, ff=0, ss=4171)
	After  optimization total=19959 (fs=6235, ff=0, ss=4166)
Sub-mesh 3.
	Before optimization total=20820 (fs=9625, ff=0, ss=3557)
	After  optimization total=20325 (fs=9139, ff=0, ss=3548)
Sub-mesh 4.
	Before optimization total=19319 (fs=10489, ff=0, ss=3029)
	After  optimization total=18660 (fs=9830, ff=0, ss=3029)
Sub-mesh 5.
	Before optimization total=20806 (fs=14603, ff=0, ss=382)
	After  optimization total=19665 (fs=13462, ff=0, ss=382)
Sub-mesh 6.
	Before optimization total=17189 (fs=10665, ff=0, ss=213)
	After  optimization total=16636 (fs=10112, ff=0, ss=213)
Sub-mesh 7.
	Before optimization total=10551 (fs=6138, ff=0, ss=0)
	After  optimization total=10495 (fs=6082, ff=0, ss=0)
-----------------------------------------------------------------------
-----------------------------------------------------------------------
Merging BCF...
Merging bricks trees...OK (0.13 s)
Merging av data...OK (0.10 s)
Merging a-faces data (fluid)...
	New a-face count   269275
	Bound a-face count 12332 (4.58 %)
Merging a-faces data takes 0.05 s
Merging a-faces data (solid)...
	New a-face count   284265
	Bound a-face count 9179 (3.23 %)
Merging a-faces data takes 0.06 s
Merging w-faces data...
	New w-face count   71921
	Bound w-face count 0 (0.00 %)
	Need fw-nb         15728 (21.87 %)
Merging w-faces data takes 0.11 s
Merging BCF takes (0.54 s)
-----------------------------------------------------------------------

-----------------------------------------------------------------------
Geometrical diagonal nb-faces collector (cpu_num=8)...
	Time=0.152s.
-----------------------------------------------------------------------
Fluid Subdom Constructor: 1 subdom(s).
	Remove nb-fw from diff subdomains (fs)...
		Diff subdomains cases         0

-----------------------------------------------------------------------
BCF CHECKSUM DATA (Mesh 0):

WARNING! 2 w-face(s) without RefFacesData.
FACE_A Area Sum:   G.Fluid        9.1414475859965627
FACE_A Area Sum:   G.Solid        0.1625422741304238
FACE_W Area Sum:                  0.6943341335471087
FACE_W Nb   Sum:                  585458
FACE_W min curvatures sum:        -6457268.27567477
FACE_W max curvatures sum:        7673776.14889115
AV Max Disbalance: G.Fluid        2.64435e-010 (cid=105992, avid=60333, pid=25260)
AV Max Disbalance: G.Solid        5.43515e-011 (cid=36984, avid=106477, pid=9888)
BRICK-AV Volume Disbalance:       0 (cid=0)
-----------------------------------------------------------------------


-----------------------------------------------------------------------
MESHER TOPOLOGY DATA (Mesh 0):

BRICKS: Total                 146629
BRICKS: 1-CV                  103510
BRICKS: 2-CV                  39235
BRICKS: 3-CV                  3854
BRICKS: 4-CV                  29
BRICKS: 5-CV                  1
BRICKS: Bad                   0

AV:     G.Total               193663
AV:     G.Fluid               92282
AV:     G.Solid               101381

AV:     G.Fluid Thin Profile    1.70 % (1571)
AV:     G.Solid Thin Profile    1.31 % (1325)

AV:     G.Fluid Thin For Mega   1.43 % (1319)
AV:     G.Solid Thin For Mega   0.98 % (997)

AV:     G.Fluid Non-Convex      7.97 % (7351)
AV:     G.Solid Non-Convex      7.30 % (7396)

FACE_A: G.Fluid          (af) 269275 (partially opened 72633)
FACE_A: G.Solid          (as) 284265 (partially opened 110657)

FACE_W: G.Total                 71921       Brick/Bound
FACE_W: G.Fluid/Solid    (fs_g) 54682       0           
FACE_W: G.Fluid/Fluid    (ff_g) 0           0           
FACE_W: G.Solid/Solid    (ss_g) 12207       0           
FACE_W: G.Fluid/External (fe_g) 5032
FACE_W: G.Solid/External (se_g) 0

AV max fa count:                24
AV max fw count:                18
AV max fw poly count:           18

MEMORY: Total                   67.581 MB
MEMORY: Per Brick               0.472 KB
-----------------------------------------------------------------------

-----------------------------------------------------------------------
Mega-cv constructor for fluid...
	 1319 av's is treated as thin
Relative size generator (threshold = 0.05)...OK
	 2939 mega-cv's generated
	 30 mega-cv's removed
Convert clusters:
	 2909 mega-cv's total
Mega-cv count: 2909
-----------------------------------------------------------------------
-----------------------------------------------------------------------
Mega-cv constructor for solid...
Mega-cv count: 0
-----------------------------------------------------------------------
Mixing plane rotation regions: NO.
Sliding mesh rotation regions: NO.
Fluid/fluid faces: NO.
----------------------------------------------------------
BCF --> BCF.GEOMSUBDOM (bridge arrays) (cpu_num=8):
MESH (0):
	Fluid Subdom Constructor: 1 subdom(s).
	Solid Subdom Constructor: 9 subdom(s).
	Net Asm Subdom Constructor: 0 subdom(s).
	GEOMSUBDOM (0): gi=0 fluid av=92282 cv=88948 fa=269275 fw=59714 V=3.507478e-002
	GEOMSUBDOM (1): gi=5 solid av=22982 cv=22982 fa=64571 fw=26177 V=8.110787e-005
	GEOMSUBDOM (2): gi=1 solid av=894 cv=894 fa=2324 fw=1649 V=7.435640e-007
	GEOMSUBDOM (3): gi=1 solid av=11166 cv=11166 fa=32669 fw=9222 V=2.690948e-006
	GEOMSUBDOM (4): gi=2 solid av=17464 cv=17464 fa=49854 fw=5498 V=5.833378e-007
	GEOMSUBDOM (5): gi=1 solid av=13232 cv=13232 fa=36737 fw=16431 V=6.991893e-006
	GEOMSUBDOM (6): gi=3 solid av=10307 cv=10307 fa=28740 fw=5682 V=3.014691e-007
	GEOMSUBDOM (7): gi=4 solid av=18145 cv=18145 fa=50605 fw=9590 V=5.514048e-007
	GEOMSUBDOM (8): gi=5 solid av=7173 cv=7173 fa=18732 fw=4828 V=1.774511e-007
	GEOMSUBDOM (9): gi=1 solid av=18 cv=18 fa=33 fw=19 V=2.670017e-009
	Setting nb of w-faces...OK.

MESH (0) checking:
	GEOMSUBDOM (0):fa_s=9.1414475859949409 fw_s=0.6932999408854640 fw_nb=536396
	GEOMSUBDOM (1):fa_s=0.1201694635014260 fw_s=0.0326222231689263 fw_nb=228512
	GEOMSUBDOM (2):fa_s=0.0018659550097013 fw_s=0.0023325758641642 fw_nb=10284
	GEOMSUBDOM (3):fa_s=0.0082891606354808 fw_s=0.0020417191403118 fw_nb=43788
	GEOMSUBDOM (4):fa_s=0.0051964255383237 fw_s=0.0004414170840495 fw_nb=30842
	GEOMSUBDOM (5):fa_s=0.0177722435492726 fw_s=0.0096101100240020 fw_nb=133640
	GEOMSUBDOM (6):fa_s=0.0027169751236944 fw_s=0.0003875049785690 fw_nb=37452
	GEOMSUBDOM (7):fa_s=0.0049145494212453 fw_s=0.0007000345031368 fw_nb=55386
	GEOMSUBDOM (8):fa_s=0.0016057198860414 fw_s=0.0004174948953802 fw_nb=38172
	GEOMSUBDOM (9):fa_s=0.0000117814652451 fw_s=0.0000145608880964 fw_nb=142
MESH (0) checking: OK.
----------------------------------------------------------
-----------------------------------------------------------------------
Calculating curvature and tolerance criteria...
Curvature: min=0 max=3.14159
Tolerance: min=0 max=0.00143897
Calculating curvature and tolerance criteria takes 0.273 s
-----------------------------------------------------------------------
Current CPU = 20 sec

Nx=27
Ny=32
Nz=28
Max_RL=4
12. Saving initial mesh in: C:\Users\Elizabeth\Documents\GitHub\Pulley-Z-axis\2\2.fld .
Storing results...
Estimated CPT size=31.388 MB.
OK
Memory Working Set Current = 424.26 Mb, Memory Working Set Peak = 464.78 Mb
Cleaning memory...
Free Geometry DB takes 0.026 s
Copying... OK

------------------------------------------------------------------------------------------------------------
CPU report:
Function                                             CPU           descriptor                    nproc     
------------------------------------------------------------------------------------------------------------
GetGeometryFromSW                                    1.738 sec   function_total               
GetGeometryFromSW                                    0.493 sec   InitGeometryTriangles        
CMesh::PrepareMappedTriangles                        0.739 sec   function_total               
SwapGeometries                                       0.890 sec   function_total               
SwapGeometries                                       0.002 sec   function_total               
SwapGeometries                                       0.002 sec   function_total               
SwapGeometries                                       0.002 sec   function_total               
SwapGeometries                                       0.002 sec   function_total               
SwapGeometries                                       0.001 sec   function_total               
SwapGeometries                                       0.002 sec   function_total               
SwapGeometries                                       0.001 sec   function_total               
CMesh::PreBuild                                      0.017 sec   function_total               
SetBrickRegion                                       0.376 sec   function_total               
CMesh::Build                                         11.327 sec   function_total               
CMesh::BuildGeometry                                 9.855 sec   function_total               
ActivateAllCellsParameters                           0.676 sec   function_total               
CaptureRefined                                       6.738 sec   function_total               
GetMultiRaysIntersections                            0.482 sec   full                         
CRayCollector::CorrectRays2                          4.687 sec   full                         
CRayCollector::CorrectRays2                          2.365 sec   collect_undefined            
CRayCollector::CorrectRays2                          1.728 sec   stage_2                      
RefineByTriangles                                    1.106 sec   function_total               
RefinePeculiarSurfaces                               0.034 sec   function_total               
CNarrowChannelRefiner::ChannelsResolution            1.958 sec   function_total               
CNarrowChannelRefiner::RefineChannels_PRLL           1.951 sec   function_total               
CNarrowChannelRefiner::GetMainNormals                0.042 sec   function_total               
CNarrowChannelRefiner::GetMainNormals                0.248 sec   function_total               
CNarrowChannelRefiner::GetMainNormals                0.348 sec   function_total               
CNarrowChannelRefiner::GetMainNormals                0.398 sec   function_total               
CNarrowChannelRefiner::GetMainNormals                0.397 sec   function_total               
CNarrowChannelRefiner::GetMainNormals                0.347 sec   function_total               
CNarrowChannelRefiner::GetMainNormals                0.263 sec   function_total               
CNarrowChannelRefiner::GetMainNormals                0.177 sec   function_total               
CNarrowChannelRefiner::facade_bricks_of_brick_dirv   0.099 sec   function_total               
CNarrowChannelRefiner::facade_bricks_of_brick_dirv   0.415 sec   function_total               
CNarrowChannelRefiner::facade_bricks_of_brick_dirv   0.466 sec   function_total               
CNarrowChannelRefiner::facade_bricks_of_brick_dirv   0.615 sec   function_total               
CNarrowChannelRefiner::facade_bricks_of_brick_dirv   0.620 sec   function_total               
CNarrowChannelRefiner::facade_bricks_of_brick_dirv   0.467 sec   function_total               
CNarrowChannelRefiner::facade_bricks_of_brick_dirv   0.291 sec   function_total               
CNarrowChannelRefiner::facade_bricks_of_brick_dirv   0.222 sec   function_total               
CNarrowChannelRefiner::next_brick_on_ray             0.091 sec   function_total               
CNarrowChannelRefiner::next_brick_on_ray             0.405 sec   function_total               
CNarrowChannelRefiner::next_brick_on_ray             0.455 sec   function_total               
CNarrowChannelRefiner::next_brick_on_ray             0.603 sec   function_total               
CNarrowChannelRefiner::next_brick_on_ray             0.609 sec   function_total               
CNarrowChannelRefiner::next_brick_on_ray             0.455 sec   function_total               
CNarrowChannelRefiner::next_brick_on_ray             0.279 sec   function_total               
CNarrowChannelRefiner::next_brick_on_ray             0.213 sec   function_total               
CNarrowChannelRefiner::RefineChannels_PRLL           0.680 sec   NCR_execute_refinement       
CMesh::BuildGeometry                                 0.000 sec   equidistant_refiner          
PostCaptureGeometry                                  1.267 sec   function_total               
CNarrowChannelRefiner::RedistributeLevel1            0.803 sec   function_total               
CTPBuilder::build_bcf                                5.275 sec   function_total               
CTPBuilder::bcf_builder                              4.756 sec   function_total               
LoadTrianglesAndXSL                                  0.106 sec   function_total               
CTPBuilder::collect_msh_format                       2.807 sec   function_total               
CTPBuilder::Run                                      0.967 sec   bcf_collect                  
CTPBuilder::Run                                      0.855 sec   bcf_merge                    
CTPBuilder::build_bcf                                0.229 sec   collect_mega_cv              
CTPBuilder::build_bcf                                0.284 sec   convert_to_mds_function      
CMesh::CalculateCurvatureAndToleranceCriteria        0.273 sec   function_total               
Store_Res_2                                          1.319 sec   function_total               
Freemem_CPT                                          0.276 sec   function_total               
------------------------------------------------------------------------------------------------------------

Mesh generation normally finished at	31.5.2019	19:53:26
Mesher CPU = 21 sec
Mesher is finished at	31.5.2019	19:53:26
